------Start of DE processing------ = [23/07/20 17:10:04:018 BST]
Exception = com.ibm.ws.webcontainer.webapp.WebAppErrorReport
Source = com.ibm.ws.webcontainer.filter.WebAppFilterChain.doFilter
probeid = 82
Stack Dump = com.ibm.ws.webcontainer.webapp.WebAppErrorReport: javax.servlet.ServletException: java.io.IOException: Broken pipe
	at com.ibm.ws.webcontainer.webapp.WebAppErrorReport.constructErrorReport(WebAppErrorReport.java:157)
	at com.ibm.ws.webcontainer.webapp.WebAppErrorReport.constructErrorReport(WebAppErrorReport.java:198)
	at com.ibm.ws.webcontainer.servlet.FileServletWrapper.handleRequest(FileServletWrapper.java:574)
	at com.ibm.ws.webcontainer.servlet.FileServletWrapper.handleRequest(FileServletWrapper.java:265)
	at com.ibm.ws.webcontainer.extension.DefaultExtensionProcessor.handleRequest(DefaultExtensionProcessor.java:895)
	at com.ibm.ws.webcontainer.filter.WebAppFilterChain.invokeTarget(WebAppFilterChain.java:182)
	at com.ibm.ws.webcontainer.filter.WebAppFilterChain.doFilter(WebAppFilterChain.java:93)
	at com.ibm.ws.security.jaspi.JaspiServletFilter.doFilter(JaspiServletFilter.java:56)
	at com.ibm.ws.webcontainer.filter.FilterInstanceWrapper.doFilter(FilterInstanceWrapper.java:201)
	at com.ibm.ws.webcontainer.filter.WebAppFilterChain.doFilter(WebAppFilterChain.java:90)
	at com.ibm.ws.webcontainer.filter.WebAppFilterManager.doFilter(WebAppFilterManager.java:1001)
	at com.ibm.ws.webcontainer.filter.WebAppFilterManager.invokeFilters(WebAppFilterManager.java:1139)
	at com.ibm.ws.webcontainer.webapp.WebApp.handleRequest(WebApp.java:5037)
	at com.ibm.ws.webcontainer.osgi.DynamicVirtualHost$2.handleRequest(DynamicVirtualHost.java:314)
	at com.ibm.ws.webcontainer.WebContainer.handleRequest(WebContainer.java:1007)
	at com.ibm.ws.webcontainer.osgi.DynamicVirtualHost$2.run(DynamicVirtualHost.java:279)
	at com.ibm.ws.http.dispatcher.internal.channel.HttpDispatcherLink$TaskWrapper.run(HttpDispatcherLink.java:1134)
	at com.ibm.ws.http.dispatcher.internal.channel.HttpDispatcherLink.wrapHandlerAndExecute(HttpDispatcherLink.java:415)
	at com.ibm.ws.http.dispatcher.internal.channel.HttpDispatcherLink.ready(HttpDispatcherLink.java:374)
	at com.ibm.ws.http.channel.internal.inbound.HttpInboundLink.handleDiscrimination(HttpInboundLink.java:546)
	at com.ibm.ws.http.channel.internal.inbound.HttpInboundLink.handleNewRequest(HttpInboundLink.java:480)
	at com.ibm.ws.http.channel.internal.inbound.HttpInboundLink.processRequest(HttpInboundLink.java:345)
	at com.ibm.ws.http.channel.internal.inbound.HttpICLReadCallback.complete(HttpICLReadCallback.java:70)
	at com.ibm.ws.channel.ssl.internal.SSLReadServiceContext$SSLReadCompletedCallback.complete(SSLReadServiceContext.java:1824)
	at com.ibm.ws.tcpchannel.internal.WorkQueueManager.requestComplete(WorkQueueManager.java:504)
	at com.ibm.ws.tcpchannel.internal.WorkQueueManager.attemptIO(WorkQueueManager.java:574)
	at com.ibm.ws.tcpchannel.internal.WorkQueueManager.workerRun(WorkQueueManager.java:958)
	at com.ibm.ws.tcpchannel.internal.WorkQueueManager$Worker.run(WorkQueueManager.java:1047)
	at com.ibm.ws.threading.internal.ExecutorServiceImpl$RunnableWrapper.run(ExecutorServiceImpl.java:239)
	at java.util.concurrent.ThreadPoolExecutor.runWorker(ThreadPoolExecutor.java:1149)
	at java.util.concurrent.ThreadPoolExecutor$Worker.run(ThreadPoolExecutor.java:624)
	at java.lang.Thread.run(Thread.java:819)
Caused by: javax.servlet.ServletException: java.io.IOException: Broken pipe
	at com.ibm.ws.webcontainer.servlet.FileServletWrapper.service(FileServletWrapper.java:720)
	at com.ibm.ws.webcontainer.servlet.FileServletWrapper.handleRequest(FileServletWrapper.java:515)
	... 29 more
Caused by: java.io.IOException: Broken pipe
	at sun.nio.ch.FileDispatcherImpl.write0(Native Method)
	at sun.nio.ch.SocketDispatcher.write(SocketDispatcher.java:47)
	at sun.nio.ch.IOUtil.writeFromNativeBuffer(IOUtil.java:93)
	at sun.nio.ch.IOUtil.write(IOUtil.java:51)
	at sun.nio.ch.SocketChannelImpl.write(SocketChannelImpl.java:471)
	at com.ibm.ws.tcpchannel.internal.NioSocketIOChannel.write(NioSocketIOChannel.java:201)
	at com.ibm.ws.tcpchannel.internal.NioSocketIOChannel.attemptWriteToSocketUsingNIO(NioSocketIOChannel.java:139)
	at com.ibm.ws.tcpchannel.internal.SocketIOChannel.attemptWriteToSocket(SocketIOChannel.java:198)
	at com.ibm.ws.tcpchannel.internal.WorkQueueManager.attemptIO(WorkQueueManager.java:595)
	at com.ibm.ws.tcpchannel.internal.WorkQueueManager.processWork(WorkQueueManager.java:304)
	at com.ibm.ws.tcpchannel.internal.NioTCPWriteRequestContextImpl.processAsyncWriteRequest(NioTCPWriteRequestContextImpl.java:102)
	at com.ibm.ws.tcpchannel.internal.TCPWriteRequestContextImpl.writeInternal(TCPWriteRequestContextImpl.java:320)
	at com.ibm.ws.tcpchannel.internal.NioTCPWriteRequestContextImpl.processSyncWriteRequest(NioTCPWriteRequestContextImpl.java:58)
	at com.ibm.ws.tcpchannel.internal.TCPWriteRequestContextImpl.write(TCPWriteRequestContextImpl.java:96)
	at com.ibm.ws.channel.ssl.internal.SSLWriteServiceContext.write(SSLWriteServiceContext.java:171)
	at com.ibm.ws.http.channel.internal.HttpServiceContextImpl.synchWrite(HttpServiceContextImpl.java:3119)
	at com.ibm.ws.http.channel.internal.HttpServiceContextImpl.sendOutgoing(HttpServiceContextImpl.java:2766)
	at com.ibm.ws.http.channel.internal.inbound.HttpInboundServiceContextImpl.sendResponseBody(HttpInboundServiceContextImpl.java:701)
	at com.ibm.ws.http.channel.internal.outbound.HttpOutputStreamImpl.flushBuffers(HttpOutputStreamImpl.java:544)
	at com.ibm.ws.http.channel.internal.outbound.HttpOutputStreamImpl.writeToBuffers(HttpOutputStreamImpl.java:328)
	at com.ibm.ws.http.channel.internal.outbound.HttpOutputStreamImpl.write(HttpOutputStreamImpl.java:685)
	at com.ibm.ws.webcontainer.osgi.response.WCOutputStream.write(WCOutputStream.java:250)
	at com.ibm.ws.webcontainer31.osgi.response.WCOutputStream31.write(WCOutputStream31.java:217)
	at com.ibm.ws.webcontainer.servlet.FileServletWrapper.writeByBytes(FileServletWrapper.java:1003)
	at com.ibm.ws.webcontainer.servlet.FileServletWrapper.writeResponseToClient(FileServletWrapper.java:959)
	at com.ibm.ws.webcontainer.servlet.FileServletWrapper.service(FileServletWrapper.java:692)
	... 30 more

Dump of callerThis
Object type = com.ibm.ws.webcontainer.filter.WebAppFilterChain
  _filters = class java.util.ArrayList@544f14ae
    serialVersionUID = 8683452581122892189
    DEFAULT_CAPACITY = 10
    EMPTY_ELEMENTDATA = class java.lang.Object[0]
    DEFAULTCAPACITY_EMPTY_ELEMENTDATA = class java.lang.Object[0]
    elementData = class java.lang.Object[5]
      Object[0] = class com.ibm.ws.webcontainer.filter.FilterInstanceWrapper@230042e8
      Object[1] = null
      Object[2] = null
      Object[3] = null
      Object[4] = null
    size = 1
    MAX_ARRAY_SIZE = 2147483639
    modCount = 1
    MAX_ARRAY_SIZE = 2147483639
  _currentFilterIndex = 1
  _numberOfFilters = 1
  requestProcessor = class com.ibm.ws.webcontainer.osgi.extension.DefaultExtensionProcessor@8c91ebfa
    PARAM_DEFAULT_PAGE = "default.page"
    PARAM_BUFFER_SIZE = "bufferSize"
    WEB_INF_DIR = "WEB-INF/"
    META_INF_DIR = "META-INF/"
    nls = class com.ibm.ejs.ras.TraceNLS@cb306d89
      resolver = class com.ibm.ws.logging.internal.TraceNLSResolver@7f952b7
      finder = null
      ivBundleName = "com.ibm.ws.webcontainer.resources.Messages"
      caller = class java.lang.Class@7a61e8ea
    logger = class com.ibm.ws.logging.internal.WsLogger@519184bc
      tc = class com.ibm.websphere.ras.TraceComponent@81633c2b
      ivCachedResourceBundleName = "com.ibm.ws.webcontainer.resources.Messages"
      ivCachedResourceBundle = class com.ibm.ws.webcontainer.resources.Messages@b60141ce
      ivComponent = null
      ivOrganization = null
      ivProduct = null
      ivMinimumLocalizationLevelIntValue = 625
      ivTC = class com.ibm.websphere.ras.TraceComponent@a6a76937
      loggerRegistrationComponent = class java.lang.ThreadLocal@3a3d50f9
      emptyHandlers = class java.util.logging.Handler[0]
      offValue = 2147483647
      SYSTEM_LOGGER_RB_NAME = "sun.util.logging.resources.logging"
      SYSTEM_BUNDLE = class java.util.logging.Logger$LoggerBundle@a1634ec6
      NO_RESOURCE_BUNDLE = class java.util.logging.Logger$LoggerBundle@b977ba84
      manager = class com.ibm.ws.kernel.boot.logging.WsLogManager@c33d7b0a
      name = "com.ibm.ws.webcontainer.extension"
      handlers = class java.util.concurrent.CopyOnWriteArrayList@48566ef3
      loggerBundle = class java.util.logging.Logger$LoggerBundle@35384780
      useParentHandlers = true
      filter = null
      anonymous = false
      catalog = class com.ibm.ws.webcontainer.resources.Messages@b60141ce
      catalogName = "com.ibm.ws.webcontainer.resources.Messages"
      catalogLocale = class java.util.Locale@ed659d87
      treeLock = class java.lang.Object@51be2726
      parent = class com.ibm.ws.logging.internal.WsLogger@3939214f
      kids = null
      levelObject = class java.util.logging.Level@80e7dd31
      levelValue = 800
      callersClassLoaderRef = class java.lang.ref.WeakReference@aadb82c8
      isSystemLogger = false
      GLOBAL_LOGGER_NAME = "global"
      global = class java.util.logging.Logger@9da9002d
      $assertionsDisabled = true
    CLASS_NAME = "com.ibm.ws.webcontainer.extension.DefaultExtensionProcessor"
    defaultBufferSize = 4096
    esiControl = "max-age=300,cacheid="URL",content="ESI/1.0+""
    extendedDocumentRoot = null
    preFragmentExtendedDocumentRoot = null
    DEFAULT_MAPPING = "/*"
    patternList = class java.util.ArrayList@50cf8543
      serialVersionUID = 8683452581122892189
      DEFAULT_CAPACITY = 10
      EMPTY_ELEMENTDATA = class java.lang.Object[0]
      DEFAULTCAPACITY_EMPTY_ELEMENTDATA = class java.lang.Object[0]
      elementData = class java.lang.Object[10]
      size = 1
      MAX_ARRAY_SIZE = 2147483639
      modCount = 1
      MAX_ARRAY_SIZE = 2147483639
    optimizeFileServingSizeGlobal = -1
    optimizeFileServingSize = -1
    useOriginalRequestState = false
    handlingRequestWithOverridenPath = false
    DEFAULT_DENY_EXTENSIONS = class java.util.ArrayList@7a23f83c
      serialVersionUID = 8683452581122892189
      DEFAULT_CAPACITY = 10
      EMPTY_ELEMENTDATA = class java.lang.Object[0]
      DEFAULTCAPACITY_EMPTY_ELEMENTDATA = class java.lang.Object[0]
      elementData = class java.lang.Object[10]
      size = 4
      MAX_ARRAY_SIZE = 2147483639
      modCount = 4
      MAX_ARRAY_SIZE = 2147483639
    denyPatterns = class com.ibm.wsspi.webcontainer40.util.URIMatcher40@5fb7b22c
      logger = class com.ibm.ws.logging.internal.WsLogger@99f6478c
      CLASS_NAME = "com.ibm.wsspi.webcontainer40.util.URIMatcher40"
      logger = class com.ibm.ws.logging.internal.WsLogger@c3d91b82
      CLASS_NAME = "com.ibm.wsspi.webcontainer.util.URIMatcher"
      SERVLET_PATH_FOR_DEFAULT_MAPPING = true
      root = class com.ibm.ws.webcontainer.util.ClauseNode@29eded28
      extensions = class java.util.HashMap@5abc9057
      starString = "*"
      defaultNode = null
      range = 91
    redirectToWelcomeFile = false
    cmd = null
    platformHelper = class com.ibm.ws.webcontainer.PlatformHelper@c2ff4902
    params = class java.util.HashMap@3d2c9ba6
      serialVersionUID = 362498820763181265
      DEFAULT_INITIAL_CAPACITY = 16
      MAXIMUM_CAPACITY = 1073741824
      DEFAULT_LOAD_FACTOR = 0.75
      TREEIFY_THRESHOLD = 8
      UNTREEIFY_THRESHOLD = 6
      MIN_TREEIFY_CAPACITY = 64
      table = null
      entrySet = null
      size = 0
      modCount = 0
      threshold = 0
      loadFactor = 0.75
      keySet = null
      values = null
    welcomeFileList = class java.util.ArrayList@e47a3351
      serialVersionUID = 8683452581122892189
      DEFAULT_CAPACITY = 10
      EMPTY_ELEMENTDATA = class java.lang.Object[0]
      DEFAULTCAPACITY_EMPTY_ELEMENTDATA = class java.lang.Object[0]
      elementData = class java.lang.Object[10]
      size = 1
      MAX_ARRAY_SIZE = 2147483639
      modCount = 1
      MAX_ARRAY_SIZE = 2147483639
    _webapp = class com.ibm.ws.webcontainer40.osgi.webapp.WebApp40@364bdfb9
    collabHelper = class com.ibm.ws.webcontainer.osgi.collaborator.CollaboratorHelperImpl@e32d04c8
    webAppNameSpaceCollab = class com.ibm.ws.webcontainer.osgi.collaborator.WebAppNameSpaceCollaboratorImpl@2bb8f07e
    secCollab = class com.ibm.ws.webcontainer.security.WebAppSecurityCollaboratorImpl@ea1c74d0
      tc = class com.ibm.websphere.ras.TraceComponent@5fe742ec
      KEY_ID = "id"
      KEY_SERVICE_ID = "service.id"
      KEY_COMPONENT_NAME = "component.name"
      KEY_SECURITY_SERVICE = "securityService"
      KEY_TAI_SERVICE = "taiService"
      KEY_INTERCEPTOR_SERVICE = "interceptorService"
      KEY_JACC_SERVICE = "jaccService"
      JASPI_SERVICE_COMPONENT_NAME = "com.ibm.ws.security.jaspi"
      KEY_WEB_AUTHENTICATOR = "webAuthenticator"
      KEY_UNPROTECTED_RESOURCE_SERVICE = "unprotectedResourceService"
      KEY_CONFIG_CHANGE_LISTENER = "webAppSecurityConfigChangeListener"
      DELEGATION_USERS_LIST = "DELEGATION_USERS_LIST"
      webAuthenticatorRef = class com.ibm.wsspi.kernel.service.utils.ConcurrentServiceReferenceMap@8cf5777
      unprotectedResourceServiceRef = class com.ibm.wsspi.kernel.service.utils.ConcurrentServiceReferenceMap@f463c171
      taiServiceRef = class com.ibm.wsspi.kernel.service.utils.AtomicServiceReference@6a1352d4
      interceptorServiceRef = class com.ibm.wsspi.kernel.service.utils.ConcurrentServiceReferenceMap@72b6be00
      securityServiceRef = class com.ibm.wsspi.kernel.service.utils.AtomicServiceReference@69ae155d
      jaccServiceRef = class com.ibm.wsspi.kernel.service.utils.AtomicServiceReference@fefc7e54
      webAppSecurityConfigchangeListenerRef = class com.ibm.wsspi.kernel.service.utils.ConcurrentServiceReferenceSet@93274aec
      KEY_LOCATION_ADMIN = "locationAdmin"
      locationAdminRef = class com.ibm.wsspi.kernel.service.utils.AtomicServiceReference@f425ba22
      PERMIT_REPLY = class com.ibm.ws.webcontainer.security.internal.PermitReply@634cf516
      DENY_AUTHZ_FAILED = class com.ibm.ws.webcontainer.security.internal.DenyReply@618add4
      AUTH_TYPE = "AUTH_TYPE"
      SECURITY_CONTEXT = "SECURITY_CONTEXT"
      ALL_AUTHENTICATED_ROLE = "**"
      STARSTAR_ROLE = "_starstar_"
      globalConfig = class com.ibm.ws.webcontainer.security.internal.WebAppSecurityConfigImpl@d2ec41a8
      globalWebAuthenticatorFactory = class com.ibm.ws.webcontainer.security.internal.WebAuthenticatorFactoryImpl@311f2bfe
      currentProps = class java.util.HashMap@71f26874
      authenticatorFactory = class com.ibm.ws.webcontainer.security.internal.WebAuthenticatorFactoryImpl@311f2bfe
      webAppSecConfig = class com.ibm.ws.webcontainer.security.internal.WebAppSecurityConfigImpl@d2ec41a8
      authenticateApi = class com.ibm.ws.webcontainer.security.AuthenticateApi@a237e392
      postParameterHelper = class com.ibm.ws.webcontainer.security.PostParameterHelper@38894fb8
      collabUtils = class com.ibm.ws.security.collaborator.CollaboratorUtils@8f3b7616
      subjectHelper = class com.ibm.ws.security.authentication.utility.SubjectHelper@b62c3fe1
      subjectManager = class com.ibm.ws.security.context.SubjectManager@9d0fb00f
      httpsRedirectHandler = class com.ibm.ws.webcontainer.security.internal.HTTPSRedirectHandler@1d273f41
      auditManager = class com.ibm.websphere.security.audit.context.AuditManager@900d2125
      extraAuditData = class java.util.HashMap@c91003f3
      authenticatorProxy = class com.ibm.ws.webcontainer.security.WebAuthenticatorProxy@2b80d89
      providerAuthenticatorProxy = class com.ibm.ws.webcontainer.security.WebProviderAuthenticatorProxy@e8892392
      unauthenticatedSubjectService = class com.ibm.ws.security.authentication.internal.UnauthenticatedSubjectServiceImpl@76a2627e
      wasch = class com.ibm.ws.webcontainer.security.WebAppSecurityCollaboratorImpl@ea1c74d0
      provisionerService = class com.ibm.ws.kernel.feature.internal.FeatureManager@50c5e80c
      isJaspiEnabled = true
      savedSubject = null
      isActive = true
      serialVersionUID = -5747484247741608968
    exposeWebInfOnDispatch = false
    extensionContext = class com.ibm.ws.webcontainer40.osgi.webapp.WebApp40@364bdfb9
  _filtersDefined = true
  logger = class com.ibm.ws.logging.internal.WsLogger@563094d3
    tc = class com.ibm.websphere.ras.TraceComponent@81633c2b
      strings[0] = "TraceComponent[com.ibm.ws.logging.internal.WsLogger,class com.ibm.ws.logging.internal.WsLogger,[logging],com.ibm.ws.logging.internal.resources.LoggingMessages,null]"
    ivCachedResourceBundleName = null
    ivCachedResourceBundle = null
    ivComponent = null
    ivOrganization = null
    ivProduct = null
    ivMinimumLocalizationLevelIntValue = 625
    ivTC = class com.ibm.websphere.ras.TraceComponent@35520c61
      strings[0] = "TraceComponent[com.ibm.ws.webcontainer.filter,class com.ibm.wsspi.webcontainer.logging.LoggerFactory$1,[com.ibm.ws.webcontainer.filter],null,null]"
    loggerRegistrationComponent = class java.lang.ThreadLocal@3a3d50f9
      threadLocalHashCode = 1914802624
      nextHashCode = class java.util.concurrent.atomic.AtomicInteger@264330c3
      HASH_INCREMENT = 1640531527
    emptyHandlers = class java.util.logging.Handler[0]
    offValue = 2147483647
    SYSTEM_LOGGER_RB_NAME = "sun.util.logging.resources.logging"
    SYSTEM_BUNDLE = class java.util.logging.Logger$LoggerBundle@a1634ec6
      resourceBundleName = "sun.util.logging.resources.logging"
      userBundle = null
    NO_RESOURCE_BUNDLE = class java.util.logging.Logger$LoggerBundle@b977ba84
      resourceBundleName = null
      userBundle = null
    manager = class com.ibm.ws.kernel.boot.logging.WsLogManager@c33d7b0a
      CLASS_NAME = "com.ibm.ws.kernel.boot.logging.WsLogManager"
      CONFIGURE_BY_SERVER_PROPERTY_NAME = "java.util.logging.configureByServer"
      CONFIGURE_BY_LOGGING_PROPERTIES_FILE = "java.util.logging.configureByLoggingPropertiesFile"
      configureByServer = true
      configureByLoggingProperties = false
      wsLogger = class java.lang.reflect.Constructor@32ce93a
      resetEnabled = true
      svBinaryLoggingEnable = false
      manager = class com.ibm.ws.kernel.boot.logging.WsLogManager@c33d7b0a
      props = class java.util.Properties@f8d0acb8
      defaultLevel = class java.util.logging.Level@80e7dd31
      listenerMap = class java.util.HashMap@a65f565b
      systemContext = class java.util.logging.LogManager$SystemLoggerContext@b9cf0c51
      userContext = class java.util.logging.LogManager$LoggerContext@cb4b001c
      rootLogger = class java.util.logging.LogManager$RootLogger@18c18e8e
      readPrimordialConfiguration = true
      initializedGlobalHandlers = true
      deathImminent = false
      initializedCalled = true
      initializationDone = true
      contextsMap = null
      loggerRefQueue = class java.lang.ref.ReferenceQueue@afbdf225
      MAX_ITERATIONS = 400
      controlPermission = class java.util.logging.LoggingPermission@8e2e5475
      loggingMXBean = null
      LOGGING_MXBEAN_NAME = "java.util.logging:type=Logging"
      $assertionsDisabled = true
    name = "com.ibm.ws.webcontainer.filter"
    handlers = class java.util.concurrent.CopyOnWriteArrayList@589e1938
      serialVersionUID = 8673264195747942595
      lock = class java.util.concurrent.locks.ReentrantLock@385c105d
      array = class java.lang.Object[0]
      UNSAFE = class sun.misc.Unsafe@bcd5d6d
      lockOffset = 8
    loggerBundle = class java.util.logging.Logger$LoggerBundle@fec38b0e
      resourceBundleName = "com.ibm.ws.webcontainer.resources.Messages"
      userBundle = null
    useParentHandlers = true
    filter = null
    anonymous = false
    catalog = class com.ibm.ws.webcontainer.resources.Messages@b60141ce
      resources = class [Ljava.lang.Object;[338]
      lookup = class java.util.HashMap@8541499e
      INITIAL_CACHE_SIZE = 32
      NONEXISTENT_BUNDLE = class java.util.ResourceBundle$1@c3403555
      cacheList = class java.util.concurrent.ConcurrentHashMap@2e6fbb9e
      referenceQueue = class java.lang.ref.ReferenceQueue@5c32dd09
      parent = null
      locale = class java.util.Locale@5ef3fad4
      name = "com.ibm.ws.webcontainer.resources.Messages"
      expired = false
      cacheKey = class java.util.ResourceBundle$CacheKey@16b0dcad
      keySet = null
      providers = null
      $assertionsDisabled = true
    catalogName = "com.ibm.ws.webcontainer.resources.Messages"
    catalogLocale = class java.util.Locale@ed659d87
      LOCALECACHE = class java.util.Locale$Cache@4add5214
      ENGLISH = class java.util.Locale@c5c35b6e
      FRENCH = class java.util.Locale@1cca5e3e
      GERMAN = class java.util.Locale@5fd0c063
      ITALIAN = class java.util.Locale@fdc333e8
      JAPANESE = class java.util.Locale@6bb0edc3
      KOREAN = class java.util.Locale@8be938c5
      CHINESE = class java.util.Locale@359bb922
      SIMPLIFIED_CHINESE = class java.util.Locale@92f4b47c
      TRADITIONAL_CHINESE = class java.util.Locale@9d7df632
      FRANCE = class java.util.Locale@165617fb
      GERMANY = class java.util.Locale@1e3dec18
      ITALY = class java.util.Locale@239e10c2
      JAPAN = class java.util.Locale@276cb643
      KOREA = class java.util.Locale@e4babdba
      CHINA = class java.util.Locale@92f4b47c
      PRC = class java.util.Locale@92f4b47c
      TAIWAN = class java.util.Locale@9d7df632
      UK = class java.util.Locale@ed659d87
      US = class java.util.Locale@aeca8c0
      CANADA = class java.util.Locale@2ad852e9
      CANADA_FRENCH = class java.util.Locale@d2f34e13
      ROOT = class java.util.Locale@5ef3fad4
      PRIVATE_USE_EXTENSION = x
      UNICODE_LOCALE_EXTENSION = u
      serialVersionUID = 9149081749638150636
      DISPLAY_LANGUAGE = 0
      DISPLAY_COUNTRY = 1
      DISPLAY_VARIANT = 2
      DISPLAY_SCRIPT = 3
      baseLocale = class sun.util.locale.BaseLocale@89cebf1e
      localeExtensions = null
      hashCodeValue = 96622908
      defaultLocale = class java.util.Locale@ed659d87
      defaultDisplayLocale = null
      defaultFormatLocale = class java.util.Locale@ed659d87
      languageTag = "en-GB"
      serialPersistentFields = class java.io.ObjectStreamField[6]
      isoLanguages = null
      isoCountries = null
      $assertionsDisabled = true
    treeLock = class java.lang.Object@51be2726
    parent = class com.ibm.ws.logging.internal.WsLogger@3939214f
      tc = class com.ibm.websphere.ras.TraceComponent@81633c2b
      ivCachedResourceBundleName = "com.ibm.ws.webcontainer.resources.Messages"
      ivCachedResourceBundle = class com.ibm.ws.webcontainer.resources.Messages@b60141ce
      ivComponent = null
      ivOrganization = null
      ivProduct = null
      ivMinimumLocalizationLevelIntValue = 625
      ivTC = class com.ibm.websphere.ras.TraceComponent@faf06978
      loggerRegistrationComponent = class java.lang.ThreadLocal@3a3d50f9
      emptyHandlers = class java.util.logging.Handler[0]
      offValue = 2147483647
      SYSTEM_LOGGER_RB_NAME = "sun.util.logging.resources.logging"
      SYSTEM_BUNDLE = class java.util.logging.Logger$LoggerBundle@a1634ec6
      NO_RESOURCE_BUNDLE = class java.util.logging.Logger$LoggerBundle@b977ba84
      manager = class com.ibm.ws.kernel.boot.logging.WsLogManager@c33d7b0a
      name = "com.ibm.ws.webcontainer"
      handlers = class java.util.concurrent.CopyOnWriteArrayList@6ec91b3a
      loggerBundle = class java.util.logging.Logger$LoggerBundle@ccfeeee9
      useParentHandlers = true
      filter = null
      anonymous = false
      catalog = class com.ibm.ws.webcontainer.resources.Messages@b60141ce
      catalogName = "com.ibm.ws.webcontainer.resources.Messages"
      catalogLocale = class java.util.Locale@ed659d87
      treeLock = class java.lang.Object@51be2726
      parent = class java.util.logging.Logger@d3eec8f1
      kids = class java.util.ArrayList@4878bbf8
      levelObject = class java.util.logging.Level@80e7dd31
      levelValue = 800
      callersClassLoaderRef = class java.lang.ref.WeakReference@e1d9f632
      isSystemLogger = false
      GLOBAL_LOGGER_NAME = "global"
      global = class java.util.logging.Logger@9da9002d
      $assertionsDisabled = true
    kids = null
    levelObject = class java.util.logging.Level@80e7dd31
      defaultBundle = "sun.util.logging.resources.logging"
      name = "INFO"
      value = 800
      resourceBundleName = "sun.util.logging.resources.logging"
      localizedLevelName = "INFO"
      cachedLocale = class java.util.Locale@ed659d87
      OFF = class java.util.logging.Level@ddab0043
      SEVERE = class java.util.logging.Level@3b6601a3
      WARNING = class java.util.logging.Level@9486ba7a
      INFO = class java.util.logging.Level@80e7dd31
      CONFIG = class java.util.logging.Level@7605c3bd
      FINE = class java.util.logging.Level@64c8fa4
      FINER = class java.util.logging.Level@1d70b347
      FINEST = class java.util.logging.Level@7e8a8867
      ALL = class java.util.logging.Level@9578b6aa
      serialVersionUID = -8176160795706313070
    levelValue = 800
    callersClassLoaderRef = class java.lang.ref.WeakReference@4253493a
      STATE_INITIAL = 0
      STATE_CLEARED = 1
      STATE_ENQUEUED = 2
      referent = class org.eclipse.osgi.internal.loader.EquinoxClassLoader@64d8e138
      queue = null
      state = 0
    isSystemLogger = false
    GLOBAL_LOGGER_NAME = "global"
    global = class java.util.logging.Logger@9da9002d
      emptyHandlers = class java.util.logging.Handler[0]
      offValue = 2147483647
      SYSTEM_LOGGER_RB_NAME = "sun.util.logging.resources.logging"
      SYSTEM_BUNDLE = class java.util.logging.Logger$LoggerBundle@a1634ec6
      NO_RESOURCE_BUNDLE = class java.util.logging.Logger$LoggerBundle@b977ba84
      manager = class com.ibm.ws.kernel.boot.logging.WsLogManager@c33d7b0a
      name = "global"
      handlers = class java.util.concurrent.CopyOnWriteArrayList@83b47887
      loggerBundle = class java.util.logging.Logger$LoggerBundle@b977ba84
      useParentHandlers = true
      filter = null
      anonymous = false
      catalog = null
      catalogName = null
      catalogLocale = null
      treeLock = class java.lang.Object@51be2726
      parent = class java.util.logging.Logger@d3eec8f1
      kids = null
      levelObject = null
      levelValue = 800
      callersClassLoaderRef = null
      isSystemLogger = true
      GLOBAL_LOGGER_NAME = "global"
      global = class java.util.logging.Logger@9da9002d
      $assertionsDisabled = true
    $assertionsDisabled = true
  CLASS_NAME = "com.ibm.ws.webcontainer.filter.WebAppFilterChain"
  webapp = class com.ibm.ws.webcontainer40.osgi.webapp.WebApp40@364bdfb9
    tc = class com.ibm.websphere.ras.TraceComponent@d19026f2
      strings[0] = "TraceComponent[com.ibm.ws.webcontainer40.osgi.webapp.WebApp40,class com.ibm.ws.webcontainer40.osgi.webapp.WebApp40,[webcontainer],com.ibm.ws.webcontainer31.resources.Messages,null]"
    servlet40NLS = class com.ibm.ejs.ras.TraceNLS@c3c2c9ca
      resolver = class com.ibm.ws.logging.internal.TraceNLSResolver@7f952b7
      finder = null
      ivBundleName = "com.ibm.ws.webcontainer40.resources.Messages"
      caller = class java.lang.Class@aa82515
    CLASS_NAME = "com.ibm.ws.webcontainer40.osgi.webapp.WebApp40"
    defaultSessionTimeout = 30
    tc = class com.ibm.websphere.ras.TraceComponent@f09cb853
      strings[0] = "TraceComponent[com.ibm.ws.webcontainer31.osgi.webapp.WebApp31,class com.ibm.ws.webcontainer31.osgi.webapp.WebApp31,[webcontainer],com.ibm.ws.webcontainer31.resources.Messages,null]"
    CLASS_NAME = "com.ibm.ws.webcontainer31.osgi.webapp.WebApp31"
    servlet31NLS = class com.ibm.ejs.ras.TraceNLS@d570a6ee
      resolver = class com.ibm.ws.logging.internal.TraceNLSResolver@7f952b7
      finder = null
      ivBundleName = "com.ibm.ws.webcontainer31.resources.Messages"
      caller = class java.lang.Class@613fb93e
    validListenerClasses = class java.lang.Class[7]
      Class[0] = class java.lang.Class@3632005d
      Class[1] = class java.lang.Class@63fa7ad5
      Class[2] = class java.lang.Class@9e447fc4
      Class[3] = class java.lang.Class@6225fd1e
      Class[4] = class java.lang.Class@8a06706a
      Class[5] = class java.lang.Class@6d9bc546
      Class[6] = class java.lang.Class@72c57dc6
    wsocServHandler = null
    tc = class com.ibm.websphere.ras.TraceComponent@60c35634
      strings[0] = "TraceComponent[com.ibm.ws.webcontainer.osgi.webapp.WebApp,class com.ibm.ws.webcontainer.osgi.webapp.WebApp,[webcontainer],com.ibm.ws.webcontainer.resources.LShimMessages,null]"
    CLASS_NAME = "com.ibm.ws.webcontainer.osgi.webapp.WebApp"
    metaDataService = class com.ibm.ws.container.service.metadata.internal.MetaDataServiceImpl@e99750f9
      applicationMetaDataManager = class com.ibm.ws.container.service.metadata.internal.ApplicationMetaDataManager@b9049f17
      moduleMetaDataManager = class com.ibm.ws.container.service.metadata.internal.ModuleMetaDataManager@2452cd9a
      componentMetaDataManager = class com.ibm.ws.container.service.metadata.internal.ComponentMetaDataManager@f4940b20
      methodMetaDataManager = class com.ibm.ws.container.service.metadata.internal.MethodMetaDataManager@1f31832a
      appModuleNameToModuleContainer = class java.util.concurrent.ConcurrentHashMap@60bd40e4
      jeeNameToComponentMetaData = class java.util.concurrent.ConcurrentHashMap@9e9c379a
      deferredMetaDataFactories = class com.ibm.wsspi.kernel.service.utils.ConcurrentServiceReferenceSet@22791f87
      deferredMetaDataInitializers = class com.ibm.wsspi.kernel.service.utils.ConcurrentServiceReferenceMap@51947dbd
      serialVersionUID = -2494605732980966097
      $$$tc$$$ = class com.ibm.websphere.ras.TraceComponent@48d6eef
    namespacePopulated = false
    referenceContext = class com.ibm.ws.injectionengine.osgi.internal.OSGiReferenceContextImpl@1ff94e25
      scopeData = class com.ibm.ws.injectionengine.osgi.internal.OSGiInjectionScopeData@81c42d4d
      serialVersionUID = 521511923892134915
      $$$tc$$$ = class com.ibm.websphere.ras.TraceComponent@af918c16
      CLASS_NAME = "com.ibm.ws.injectionengine.ReferenceContextImpl"
      tc = class com.ibm.websphere.ras.TraceComponent@7315ba94
      ivInjectionEngine = class com.ibm.ws.injectionengine.osgi.internal.OSGiInjectionEngineImpl@1ecbf7d2
      ivProviders = class java.util.ArrayList@a949bff1
      ivComponentJavaContext = null
      ivComponentNameSpace = null
      ivJavaColonCompEnvMap = class java.util.LinkedHashMap@60befd80
      ivEjbContext10 = class java.util.Properties@6491b269
      ivResourceRefConfigList = class com.ibm.ws.resource.internal.ResourceRefConfigListImpl@be1ab336
      isAlreadyProcessed = true
      ivProcessFailure = null
      ivInjectionTargetMap = class java.util.concurrent.ConcurrentHashMap@a7fe1469
      svInjTarMapCacheSize = 256
      ivDeclaredInjectionTargets = class java.util.HashMap@555349d4
      ivProcessedInjectionClasses = class java.util.HashSet@807aa5da
      svInjClassMapCacheSize = 512
      ivProcessedInjectionBindings = class java.util.LinkedHashSet@1166ad56
      ivAnyProcessDynamic = true
      ivCheckAppConfig = false
    j2eeNameFactory = class com.ibm.ws.container.service.metadata.internal.J2EENameFactoryImpl@e6b6c7c7
      serialVersionUID = 3486344295038028821
      $$$tc$$$ = class com.ibm.websphere.ras.TraceComponent@76834ffd
    moduleLoader = class com.ibm.ws.classloading.internal.AppClassLoader@7b5d6048
      tc = class com.ibm.websphere.ras.TraceComponent@350336de
      disableSharedClassesCache = false
      PARENT_FIRST_SEARCH_ORDER = class java.util.Collections$UnmodifiableRandomAccessList@9b0b8a33
      packagesDefined = class java.util.Collections$SetFromMap@a734fa30
      CLASS_LOADING_TRACE_PREFIX = "com.ibm.ws.class.load."
      DEFAULT_PACKAGE = "default.package"
      perPackageClassLoadingTraceComponents = class java.util.concurrent.ConcurrentHashMap@78a42be
      config = class com.ibm.ws.classloading.internal.ClassLoaderConfigurationImpl@3ccc1269
      privateLibraries = null
      delegateLoaders = class com.ibm.ws.classloading.internal.util.CompositeIterable@5b557bd3
      nativeLibraryFiles = class java.util.ArrayList@ca97e92d
      transformers = class java.util.ArrayList@6466c70f
      apiAccess = class com.ibm.ws.classloading.internal.GatewayClassLoader@c98e5fd5
      generator = class com.ibm.ws.classloading.internal.ClassGeneratorManager@e8babb07
      protectionDomains = class java.util.concurrent.ConcurrentHashMap@f955e3e5
      parent = class com.ibm.ws.classloading.internal.GatewayClassLoader@c98e5fd5
      hook = class com.ibm.ws.kernel.boot.classloader.SharedClassCacheHook@9074df73
      serialVersionUID = 8734164900246230615
      tc = class com.ibm.websphere.ras.TraceComponent@30cfb93e
      smartClassPath = class com.ibm.ws.classloading.internal.ContainerClassLoader$SmartClassPathImpl@bc17498a
      nativeLibraryContainers = class java.util.ArrayList@17918561
      redefiner = class com.ibm.ws.classloading.internal.util.ClassRedefiner@d8ca0867
      jarProtocol = "wsjar:"
      mapCreationQueue = class java.util.concurrent.Executors$FinalizableDelegatedExecutorService@375c9a92
      serialVersionUID = 6399598832433768509
      serialVersionUID = 1837293532091806117
      $$$tc$$$ = class com.ibm.websphere.ras.TraceComponent@60fd7262
      serialVersionUID = -4586727107834513475
      $$$tc$$$ = class com.ibm.websphere.ras.TraceComponent@a30b3d1a
      serialVersionUID = -7709588811276454856
      $$$tc$$$ = class com.ibm.websphere.ras.TraceComponent@f91b246f
      initialized = true
      pdcache = class java.util.HashMap@2bd08ace
      debug = null
      defaultCodeSource = class java.security.CodeSource@36c0effb
      bootstrapClassLoader = class com.ibm.oti.vm.BootstrapClassLoader@46aaddfb
      DELEGATING_CL = "sun.reflect.DelegatingClassLoader"
      isDelegatingCL = false
      applicationClassLoader = class sun.misc.Launcher$AppClassLoader@ca0f360
      initSystemClassLoader = false
      isAssertOptionFound = false
      vmRef = 140532002119128
      parent = class com.ibm.ws.classloading.internal.GatewayClassLoader@c98e5fd5
      checkAssertionOptions = false
      assertionLock = class java.lang.ClassLoader$AssertionLock@38d49483
      defaultAssertionStatus = false
      packageAssertionStatus = null
      classAssertionStatus = null
      packages = class java.util.Hashtable@c2ac5ef9
      lazyInitLock = class java.lang.ClassLoader$LazyInitLock@42c0d5fc
      classSigners = null
      packageSigners = class java.util.Hashtable@68473468
      emptyCertificates = class java.security.cert.Certificate[0]
      defaultProtectionDomain = null
      parallelCapableCollection = class java.util.Collections$SynchronizedMap@5f993b8a
      classNameBasedLock = class java.util.Hashtable@eae675f5
      isParallelCapable = true
      EMPTY_PACKAGE_ARRAY = class java.lang.Package[0]
      methodTypeFromMethodDescriptorStringCache = null
      allowArraySyntax = false
      lazyClassLoaderInit = true
      specialLoaderInited = true
      internalAnonClassLoader = class java.lang.InternalAnonymousClassLoader@6a434d8b
    webAppConfig = class com.ibm.ws.webcontainer.osgi.webapp.WebAppConfiguration@cd184c1d
      webModuleMetaData = class com.ibm.ws.webcontainer.osgi.metadata.WebModuleMetaDataImpl@f3356a72
      webComponentMetaData = class com.ibm.ws.webcontainer.osgi.metadata.WebComponentMetaDataImpl@aa2d1c80
      dVirtualHost = class com.ibm.ws.webcontainer.osgi.DynamicVirtualHost@66ab1a86
      orderedLibPaths = class java.util.Collections$UnmodifiableRandomAccessList@e435883a
      bundleHeaders = null
      cdiEnabled = true
      CLASS_NAME = "com.ibm.ws.webcontainer.webapp.WebAppConfiguration"
      logger = class com.ibm.ws.logging.internal.WsLogger@c43d5529
      tc = class com.ibm.websphere.ras.TraceComponent@1e356e16
      nls = class com.ibm.ejs.ras.TraceNLS@10805cad
      version = 31
      contextRoot = "/"
      isDefaultContextRootUsed = false
      sessionTimeout = 0
      moduleSessionTimeoutSet = false
      moduleSessionTrackingModeSet = false
      sessionCookieConfig = class com.ibm.ws.session.SessionCookieConfigImpl@498dbe5
      hasProgrammaticCookieConfig = false
      sessionDefaultTrackingModeSet = class java.util.RegularEnumSet@9fcd68bd
      sessionManagerConfig = class com.ibm.ws.session.SessionManagerConfig@c350a1f6
      displayName = "Liberty Project"
      description = null
      reloadInterval = 0
      distributable = false
      denyUncoveredHttpMethods = true
      reloadingEnabled = false
      serveServletsByClassnameEnabled = false
      defaultErrorPage = null
      additionalClassPath = null
      fileServingEnabled = null
      directoryBrowsingEnabled = false
      autoRequestEncoding = false
      autoResponseEncoding = false
      autoLoadFilters = false
      requestListeners = null
      requestAttributeListeners = null
      sessionListeners = null
      localeMap = null
      moduleName = "guide-security-intro"
      j2eeModuleName = "guide-security-intro.war"
      moduleId = null
      isSyncToThreadEnabled = false
      encodeDispatchedRequestURI = false
      isSystemApp = false
      ardEnabled = false
      ardDispatchType = null
      listeners = class java.util.ArrayList@fbccae40
      welcomeFileList = class java.util.ArrayList@e47a3351
      servletMappings = class java.util.HashMap@b162247d
      lastIndexBeforeDeclaredFilters = 1
      filterMappings = class java.util.ArrayList@a34b4c8d
      servletInfo = class java.util.concurrent.ConcurrentHashMap@f7a612fe
      filterInfo = class java.util.HashMap@497cd099
      mimeMappings = class java.util.HashMap@c3125352
      mimeFilters = null
      isMimeFilteringEnabled = false
      theWebGroup = null
      jspAttributes = class java.util.HashMap@484e3d07
      fileServingAttributes = class java.util.HashMap@3d2c9ba6
      invokerAttributes = class java.util.HashMap@e28a8795
      contextParams = class java.util.HashMap@24b30ca7
      virtualHost = "default_host"
      exceptionErrorPages = class java.util.HashMap@54f5485c
      codeErrorPages = class java.util.HashMap@1cac7750
      tagLibList = null
      precompileJsps = false
      webApp = class com.ibm.ws.webcontainer40.osgi.webapp.WebApp40@364bdfb9
      virtualHostList = class java.util.Collections$EmptyList@db12a30d
      appStartupWeight = 0
      moduleStartupWeight = 0
      metaDataComplete = false
      classesToScan = class java.util.ArrayList@35cff0e8
      uriFilterMappingInfos = class java.util.ArrayList@41aa1781
      servletFilterMappingInfos = class java.util.ArrayList@2418119f
      dynamicServletRegistrationMap = null
      applicationName = "guide-security-intro.war"
      libBinPathList = class java.util.ArrayList@6d302080
      webXmlDefinedListeners = class java.util.HashSet@4ca95764
      allRefs = class java.util.EnumMap@ff74bf14
      allRefBindings = class java.util.EnumMap@ef955504
      envEntryValues = class java.util.HashMap@6f9e9696
      resourceRefConfigList = null
      disallowAllFileServingProp = "false"
      disallowServeServletsByClassnameProp = "true"
      disableStaticMappingCache = false
      jspCachedLocations = class java.util.HashMap@cf1a7cf7
      primedSTSHeader = "NoValue"
      enablemultireadofpostdata = false
      requestEncoding = null
      responseEncoding = null
      NULLSERVLETNAME = "com.ibm.ws.webcontainer.NullServletName"
      _id = "WebAppGeneratedId1"
      _attributes = null
      serialVersionUID = 7511545662945734886
      $$$tc$$$ = class com.ibm.websphere.ras.TraceComponent@13768d0
    extensionProcessingDisabled = false
    managedObjectService = class com.ibm.ws.cdi.impl.managedobject.CDIManagedObjectService@1e6a765f
      cdiServiceRef = class com.ibm.wsspi.kernel.service.utils.AtomicServiceReference@412b0c0f
      defaultMOSRef = class com.ibm.wsspi.kernel.service.utils.AtomicServiceReference@4dbf9058
      cdiRuntime = class com.ibm.ws.cdi.liberty.CDIRuntimeImpl@2616f41b
      serialVersionUID = 6431825704414919683
      $$$tc$$$ = class com.ibm.websphere.ras.TraceComponent@ffd0deaa
    internalServletMetaData = interface com.ibm.wsspi.webcontainer.metadata.WebComponentMetaData[2]
      WebComponentMetaData[0] = null
      WebComponentMetaData[1] = null
    loginProcessor = null
    logoutProcessor = null
    collabHelper = class com.ibm.ws.webcontainer.osgi.collaborator.CollaboratorHelperImpl@e32d04c8
      webAppInvCollabs = class java.util.Collections$UnmodifiableSet@f6754825
      securityDomainForApp = null
      logger = class com.ibm.ws.logging.internal.WsLogger@f9f4eacd
      staticDefaultSecurityCollaborator = class com.ibm.ws.webcontainer.collaborator.WebAppSecurityCollaborator@2ffe742e
      logger = class com.ibm.ws.logging.internal.WsLogger@441f2a14
      CLASS_NAME = "com.ibm.wsspi.webcontainer.collaborator.CollaboratorHelper"
      webApp = class com.ibm.ws.webcontainer40.osgi.webapp.WebApp40@364bdfb9
      securityCollaborator = class com.ibm.ws.webcontainer.security.WebAppSecurityCollaboratorImpl@ea1c74d0
      nameSpaceCollaborator = class com.ibm.ws.webcontainer.osgi.collaborator.WebAppNameSpaceCollaboratorImpl@2bb8f07e
      transactionCollaborator = class com.ibm.ws.transaction.services.WebAppTransactionCollaboratorImpl@aa93365a
      connectionCollaborator = class com.ibm.ws.webcontainer.collaborator.ConnectionCollaborator@b0fd01b7
      allCollabEnum = class java.util.RegularEnumSet@53970b3
      servlet_23_or_greater = true
      DEFER_SERVLET_REQUEST_LISTENER_DESTROY_ON_ERROR = false
    envObject = class com.ibm.ws.util.WSThreadLocal@e710302c
      tc = class com.ibm.ejs.ras.TraceComponent@142a974e
      count = 8
      index = 1
      SUSPECTED_MISUSAGE_THRESHOLD = 200
      threadLocalHashCode = -1974454052
      nextHashCode = class java.util.concurrent.atomic.AtomicInteger@264330c3
      HASH_INCREMENT = 1640531527
    orderedLibPaths = class java.util.Collections$UnmodifiableRandomAccessList@e435883a
      serialVersionUID = -2542308836966382001
      serialVersionUID = -283967356065247728
      list = class java.util.ArrayList@ca2eb62
      serialVersionUID = 1820017752578914078
      c = class java.util.ArrayList@ca2eb62
    perm = class com.ibm.websphere.security.WebSphereRuntimePermission@47f2fe88
      serialVersionUID = -3306242789188168337
      $$$tc$$$ = class com.ibm.websphere.ras.TraceComponent@eee43574
      serialVersionUID = 6279438298436773498
      wildcard = false
      path = "accessServletContext"
      exitVM = false
      serialVersionUID = -5636570222231596674
      name = "accessServletContext"
    WELCOME_FILE_LIST = "com.ibm.ws.webcontainer.config.WelcomeFileList"
    DIR_BROWSING_MAPPING = "__dirBrowsing__1595520569683"
    FILTER_PROXY_MAPPING = "/__filterProxy__1595520569683"
    logger = class com.ibm.ws.logging.internal.WsLogger@c43d5529
      tc = class com.ibm.websphere.ras.TraceComponent@81633c2b
      ivCachedResourceBundleName = null
      ivCachedResourceBundle = null
      ivComponent = null
      ivOrganization = null
      ivProduct = null
      ivMinimumLocalizationLevelIntValue = 625
      ivTC = class com.ibm.websphere.ras.TraceComponent@9b68e1a
      loggerRegistrationComponent = class java.lang.ThreadLocal@3a3d50f9
      emptyHandlers = class java.util.logging.Handler[0]
      offValue = 2147483647
      SYSTEM_LOGGER_RB_NAME = "sun.util.logging.resources.logging"
      SYSTEM_BUNDLE = class java.util.logging.Logger$LoggerBundle@a1634ec6
      NO_RESOURCE_BUNDLE = class java.util.logging.Logger$LoggerBundle@b977ba84
      manager = class com.ibm.ws.kernel.boot.logging.WsLogManager@c33d7b0a
      name = "com.ibm.ws.webcontainer.webapp"
      handlers = class java.util.concurrent.CopyOnWriteArrayList@eaef3f2f
      loggerBundle = class java.util.logging.Logger$LoggerBundle@23be245b
      useParentHandlers = true
      filter = null
      anonymous = false
      catalog = class com.ibm.ws.webcontainer.resources.Messages@b60141ce
      catalogName = "com.ibm.ws.webcontainer.resources.Messages"
      catalogLocale = class java.util.Locale@ed659d87
      treeLock = class java.lang.Object@51be2726
      parent = class com.ibm.ws.logging.internal.WsLogger@3939214f
      kids = null
      levelObject = class java.util.logging.Level@80e7dd31
      levelValue = 800
      callersClassLoaderRef = class java.lang.ref.WeakReference@18f7fb93
      isSystemLogger = false
      GLOBAL_LOGGER_NAME = "global"
      global = class java.util.logging.Logger@9da9002d
      $assertionsDisabled = true
    CLASS_NAME = "com.ibm.ws.webcontainer.webapp.WebApp"
    loader = class com.ibm.ws.classloading.internal.ThreadContextClassLoader@6e29361d
      tc = class com.ibm.websphere.ras.TraceComponent@7440d950
      bundle = class java.util.concurrent.atomic.AtomicReference@4cb2f61d
      key = "WebModule:guide-security-intro.war#guide-security-intro.war"
      refCount = class java.util.concurrent.atomic.AtomicInteger@d346982c
      appLoader = class com.ibm.ws.classloading.internal.AppClassLoader@7b5d6048
      clSvc = class com.ibm.ws.classloading.internal.ClassLoadingServiceImpl@66cf62b1
      serialVersionUID = 846416563800781557
      tc = class com.ibm.websphere.ras.TraceComponent@db0c2453
      followOnClassLoaders = class java.util.ArrayList@27d57980
      serialVersionUID = 8829649920524275888
      serialVersionUID = -4586727107834513475
      $$$tc$$$ = class com.ibm.websphere.ras.TraceComponent@a30b3d1a
      serialVersionUID = -7709588811276454856
      $$$tc$$$ = class com.ibm.websphere.ras.TraceComponent@f91b246f
      initialized = true
      pdcache = class java.util.HashMap@2c2345fe
      debug = null
      defaultCodeSource = class java.security.CodeSource@36c0effb
      bootstrapClassLoader = class com.ibm.oti.vm.BootstrapClassLoader@46aaddfb
      DELEGATING_CL = "sun.reflect.DelegatingClassLoader"
      isDelegatingCL = false
      applicationClassLoader = class sun.misc.Launcher$AppClassLoader@ca0f360
      initSystemClassLoader = false
      isAssertOptionFound = false
      vmRef = 140532002562608
      parent = class com.ibm.ws.classloading.internal.GatewayClassLoader@48a01089
      checkAssertionOptions = false
      assertionLock = class java.lang.ClassLoader$AssertionLock@6a4e1cac
      defaultAssertionStatus = false
      packageAssertionStatus = null
      classAssertionStatus = null
      packages = class java.util.Hashtable@5893e214
      lazyInitLock = class java.lang.ClassLoader$LazyInitLock@49b6ceba
      classSigners = null
      packageSigners = null
      emptyCertificates = class java.security.cert.Certificate[0]
      defaultProtectionDomain = null
      parallelCapableCollection = class java.util.Collections$SynchronizedMap@5f993b8a
      classNameBasedLock = class java.util.Hashtable@7e08e008
      isParallelCapable = true
      EMPTY_PACKAGE_ARRAY = class java.lang.Package[0]
      methodTypeFromMethodDescriptorStringCache = null
      allowArraySyntax = false
      lazyClassLoaderInit = true
      specialLoaderInited = true
      internalAnonClassLoader = class java.lang.InternalAnonymousClassLoader@6a434d8b
    facade = class com.ibm.ws.webcontainer40.facade.ServletContextFacade40@8b442d8a
      context = class com.ibm.ws.webcontainer40.osgi.webapp.WebApp40@364bdfb9
    features = class java.util.ArrayList@b624d1db
      serialVersionUID = 8683452581122892189
      DEFAULT_CAPACITY = 10
      EMPTY_ELEMENTDATA = class java.lang.Object[0]
      DEFAULTCAPACITY_EMPTY_ELEMENTDATA = class java.lang.Object[0]
      elementData = class java.lang.Object[0]
      size = 0
      MAX_ARRAY_SIZE = 2147483639
      modCount = 0
      MAX_ARRAY_SIZE = 2147483639
    applicationName = "guide-security-intro.war"
    config = class com.ibm.ws.webcontainer.osgi.webapp.WebAppConfiguration@cd184c1d
    securityEnabledForApp = true
    webExtensionProcessor = class com.ibm.ws.webcontainer.osgi.extension.WebExtensionProcessor@8c7f11fa
      webApp = class com.ibm.ws.webcontainer40.osgi.webapp.WebApp40@364bdfb9
      extensionContext = class com.ibm.ws.webcontainer40.osgi.webapp.WebApp40@364bdfb9
    production = true
    isServlet23 = true
    contextPath = "/"
    internalServletList = class [Ljava.lang.String;[2]
      String[][0] = class java.lang.String[2]
      String[][1] = class java.lang.String[2]
    BY_NAME_ONLY = "/_1595520569684_/"
    filterManager = class com.ibm.ws.webcontainer.osgi.filter.WebAppFilterManagerImpl@3fdb5e8d
      _filterWrappers = class java.util.Hashtable@2147118f
      chainCache = class java.util.Collections$SynchronizedMap@a041aad4
      forwardChainCache = class java.util.Collections$SynchronizedMap@61e22235
      includeChainCache = class java.util.Collections$SynchronizedMap@7d9016c2
      errorChainCache = class java.util.Collections$SynchronizedMap@97c31d0f
      _filtersDefined = true
      FMI_MAPPING_SINGLE_SLASH = 0
      FMI_MAPPING_PATH_MATCH = 1
      FMI_MAPPING_EXTENSION_MATCH = 2
      FMI_MAPPING_EXACT_MATCH = 3
      logger = class com.ibm.ws.logging.internal.WsLogger@563094d3
      CLASS_NAME = "com.ibm.ws.webcontainer.filter.WebAppFilterManager"
      nls = class com.ibm.ejs.ras.TraceNLS@266f6922
      webAppConfig = class com.ibm.ws.webcontainer.osgi.webapp.WebAppConfiguration@cd184c1d
      webApp = class com.ibm.ws.webcontainer40.osgi.webapp.WebApp40@364bdfb9
      collabHelper = class com.ibm.ws.webcontainer.osgi.collaborator.CollaboratorHelperImpl@e32d04c8
      secCollab = class com.ibm.ws.webcontainer.security.WebAppSecurityCollaboratorImpl@ea1c74d0
      sessionSecurityIntegrationEnabled = true
      assumeFilterSuccessOnSecurityError = false
      useOriginalRequestState = false
      _evtSource = class com.ibm.ws.webcontainer.webapp.WebAppEventSource@5e5c59a1
      defaultComponentMetaData = class com.ibm.ws.webcontainer.osgi.metadata.WebComponentMetaDataImpl@aa2d1c80
      DEFER_SERVLET_REQUEST_LISTENER_DESTROY_ON_ERROR = false
    documentRoot = null
    SERVLET_API_VERSION = "Servlet 2.5"
    disableServletAuditLogging = -1
    serverInfo = "IBM WebSphere Liberty/20.0.0.7"
    sessionCtx = class com.ibm.ws.webcontainer31.session.impl.HttpSessionContext31Impl@ca0ca71d
      methodClassName = "HttpSessionContextImpl"
      _smc = class com.ibm.ws.session.SessionManagerConfig@c350a1f6
      sessionStoreService = null
      _sap = class com.ibm.ws.session.SessionApplicationParameters@2bd860a5
      _coreHttpSessionManager = class com.ibm.ws.session.SessionManager@7b9e2435
      _coreHttpAppSessionManager = null
      _sam = class com.ibm.ws.webcontainer.session.impl.SessionAffinityManagerImpl@5099ac18
      isSIPApplication = false
      sessionAttributeListener = true
      sessionListener = true
      mHttpSessionAttributeListeners = class java.util.ArrayList@4f151628
      mHttpSessionListeners = class java.util.ArrayList@62a9f24
      mHttpSessionIdListeners = class java.util.ArrayList@4d32e54b
      mHttpSessionAttributeListenersJ2eeNames = class java.util.ArrayList@253a649a
      mHttpSessionListenersJ2eeNames = class java.util.ArrayList@ac60c941
      mHttpSessionIdListenersJ2eeNames = class java.util.ArrayList@230bd19
      mLocalHost = null
      _refCount = 1
      currentThreadSacHashtable = null
      methodClassName = "SessionContext"
      ANONYMOUS_USER = "anonymous"
      wasHttpSessionObserver = class com.ibm.ws.session.WasHttpSessionObserver@7cc58c0
      wasHttpSessionAttributeObserver = null
      _invalidator = class com.ibm.ws.session.SessionInvalidatorWithThreadPool@8706097a
      _storer = class com.ibm.ws.session.EOSSessionStorer@401abdc5
      wasHttpAppSessionObserver = null
      mHttpAppSessionListeners = null
      cmvcInfo = "CMVC Version 1.9 6/24/07 11:12:24"
      _loggedVersion = true
      CREATE_CORE_SESSION_MANAGER = 0
      GET_REQUESTED_SESSION_ID = 1
      GET_IHTTP_SESSION = 2
      SESSION_PRE_INVOKE = 3
      SESSION_POST_INVOKE = 4
      STOP = 5
      STOP_LISTENERS = 6
      IS_VALID = 7
      ENCODE_URL = 8
      SHOULD_ENCODE_URL = 9
      IS_PROTOCOL_SWITCH = 10
      GET_LOCAL_HOST = 11
      ADD_HTTP_SESSION_ATTRIBUTE_LISTENER = 12
      ADD_HTTP_SESSION_LISTENER = 13
      GET_SESSION_AFFINITY_CONTEXT = 14
      CHECK_SECURITY = 15
      INVALIDATE = 16
      CHECK_SESSSIONID_IS_RIGHT_LENGTH = 17
      LOCK_SESSION = 18
      UNLOCK_SESSION = 19
      ADD_HTTP_SESSION_ID_LISTENER = 20
      methodNames = class java.lang.String[21]
    eventSource = class com.ibm.ws.webcontainer.webapp.WebAppEventSource@5e5c59a1
      _invocationListeners = class com.ibm.ws.webcontainer.util.EventListeners@a8647783
      _servletListeners = class com.ibm.ws.webcontainer.util.EventListeners@bf46f10c
      _errorListeners = class com.ibm.ws.webcontainer.util.EventListeners@9b9bdb6e
      _applicationListeners = class com.ibm.ws.webcontainer.util.EventListeners@44dd862e
      _filterInvocationListeners = class com.ibm.ws.webcontainer.util.EventListeners@1a2ff73d
      _filterListeners = class com.ibm.ws.webcontainer.util.EventListeners@3cae2f68
      _filterErrorListeners = class com.ibm.ws.webcontainer.util.EventListeners@2561bae1
    nls = class com.ibm.ejs.ras.TraceNLS@2b18f10f
      resolver = class com.ibm.ws.logging.internal.TraceNLSResolver@7f952b7
      finder = null
      ivBundleName = "com.ibm.ws.webcontainer.resources.Messages"
      caller = class java.lang.Class@ef5ec11b
    liberty_nls = class com.ibm.ejs.ras.TraceNLS@f134366e
      resolver = class com.ibm.ws.logging.internal.TraceNLSResolver@7f952b7
      finder = null
      ivBundleName = "com.ibm.ws.webcontainer.resources.LShimMessages"
      caller = class java.lang.Class@ef5ec11b
    error_nls = class com.ibm.ejs.ras.TraceNLS@50d82759
      resolver = class com.ibm.ws.logging.internal.TraceNLSResolver@7f952b7
      finder = null
      ivBundleName = "com.ibm.ws.webcontainer.resources.ErrorPage"
      caller = class java.lang.Class@ef5ec11b
    sessionListeners = class java.util.ArrayList@22c4a44c
      serialVersionUID = 8683452581122892189
      DEFAULT_CAPACITY = 10
      EMPTY_ELEMENTDATA = class java.lang.Object[0]
      DEFAULTCAPACITY_EMPTY_ELEMENTDATA = class java.lang.Object[0]
      elementData = class java.lang.Object[10]
      size = 3
      MAX_ARRAY_SIZE = 2147483639
      modCount = 4
      MAX_ARRAY_SIZE = 2147483639
    sessionIdListeners = class java.util.ArrayList@858d3ac2
      serialVersionUID = 8683452581122892189
      DEFAULT_CAPACITY = 10
      EMPTY_ELEMENTDATA = class java.lang.Object[0]
      DEFAULTCAPACITY_EMPTY_ELEMENTDATA = class java.lang.Object[0]
      elementData = class java.lang.Object[0]
      size = 0
      MAX_ARRAY_SIZE = 2147483639
      modCount = 0
      MAX_ARRAY_SIZE = 2147483639
    sessionAttrListeners = class java.util.ArrayList@84f361cd
      serialVersionUID = 8683452581122892189
      DEFAULT_CAPACITY = 10
      EMPTY_ELEMENTDATA = class java.lang.Object[0]
      DEFAULTCAPACITY_EMPTY_ELEMENTDATA = class java.lang.Object[0]
      elementData = class java.lang.Object[10]
      size = 1
      MAX_ARRAY_SIZE = 2147483639
      modCount = 2
      MAX_ARRAY_SIZE = 2147483639
    addedSessionListeners = class java.util.ArrayList@62b98d6b
      serialVersionUID = 8683452581122892189
      DEFAULT_CAPACITY = 10
      EMPTY_ELEMENTDATA = class java.lang.Object[0]
      DEFAULTCAPACITY_EMPTY_ELEMENTDATA = class java.lang.Object[0]
      elementData = class java.lang.Object[0]
      size = 0
      MAX_ARRAY_SIZE = 2147483639
      modCount = 0
      MAX_ARRAY_SIZE = 2147483639
    addedSessionAttrListeners = class java.util.ArrayList@f33a761
      serialVersionUID = 8683452581122892189
      DEFAULT_CAPACITY = 10
      EMPTY_ELEMENTDATA = class java.lang.Object[0]
      DEFAULTCAPACITY_EMPTY_ELEMENTDATA = class java.lang.Object[0]
      elementData = class java.lang.Object[0]
      size = 0
      MAX_ARRAY_SIZE = 2147483639
      modCount = 0
      MAX_ARRAY_SIZE = 2147483639
    servletContextListeners = class java.util.ArrayList@b9e2aa4b
      serialVersionUID = 8683452581122892189
      DEFAULT_CAPACITY = 10
      EMPTY_ELEMENTDATA = class java.lang.Object[0]
      DEFAULTCAPACITY_EMPTY_ELEMENTDATA = class java.lang.Object[0]
      elementData = class java.lang.Object[10]
      size = 6
      MAX_ARRAY_SIZE = 2147483639
      modCount = 7
      MAX_ARRAY_SIZE = 2147483639
    servletContextLAttrListeners = class java.util.ArrayList@f66c300a
      serialVersionUID = 8683452581122892189
      DEFAULT_CAPACITY = 10
      EMPTY_ELEMENTDATA = class java.lang.Object[0]
      DEFAULTCAPACITY_EMPTY_ELEMENTDATA = class java.lang.Object[0]
      elementData = class java.lang.Object[10]
      size = 1
      MAX_ARRAY_SIZE = 2147483639
      modCount = 2
      MAX_ARRAY_SIZE = 2147483639
    servletRequestListeners = class java.util.ArrayList@1d05681c
      serialVersionUID = 8683452581122892189
      DEFAULT_CAPACITY = 10
      EMPTY_ELEMENTDATA = class java.lang.Object[0]
      DEFAULTCAPACITY_EMPTY_ELEMENTDATA = class java.lang.Object[0]
      elementData = class java.lang.Object[10]
      size = 3
      MAX_ARRAY_SIZE = 2147483639
      modCount = 4
      MAX_ARRAY_SIZE = 2147483639
    servletRequestLAttrListeners = class java.util.ArrayList@471c370b
      serialVersionUID = 8683452581122892189
      DEFAULT_CAPACITY = 10
      EMPTY_ELEMENTDATA = class java.lang.Object[0]
      DEFAULTCAPACITY_EMPTY_ELEMENTDATA = class java.lang.Object[0]
      elementData = class java.lang.Object[10]
      size = 1
      MAX_ARRAY_SIZE = 2147483639
      modCount = 2
      MAX_ARRAY_SIZE = 2147483639
    prependSlashToResource = false
    destroyed = false
    webAppNameSpaceCollab = class com.ibm.ws.webcontainer.osgi.collaborator.WebAppNameSpaceCollaboratorImpl@2bb8f07e
      cmdai = class com.ibm.ws.threadContext.ComponentMetaDataAccessorImpl@501e8f79
    txCollab = class com.ibm.ws.transaction.services.WebAppTransactionCollaboratorImpl@aa93365a
      tc = class com.ibm.websphere.ras.TraceComponent@93e0177
      ltCurrentRef = class com.ibm.wsspi.kernel.service.utils.AtomicServiceReference@720dd09
      tranMgrRef = class com.ibm.wsspi.kernel.service.utils.AtomicServiceReference@9af593c8
      userTranRef = class com.ibm.wsspi.kernel.service.utils.AtomicServiceReference@4e529a
      uowCallbackRef = class com.ibm.wsspi.kernel.service.utils.AtomicServiceReference@eb66a747
      serialVersionUID = -8319003162899973281
    sessionActivationListeners = class java.util.ArrayList@a1db53bb
      serialVersionUID = 8683452581122892189
      DEFAULT_CAPACITY = 10
      EMPTY_ELEMENTDATA = class java.lang.Object[0]
      DEFAULTCAPACITY_EMPTY_ELEMENTDATA = class java.lang.Object[0]
      elementData = class java.lang.Object[0]
      size = 0
      MAX_ARRAY_SIZE = 2147483639
      modCount = 1
      MAX_ARRAY_SIZE = 2147483639
    sessionBindingListeners = class java.util.ArrayList@6132e0c3
      serialVersionUID = 8683452581122892189
      DEFAULT_CAPACITY = 10
      EMPTY_ELEMENTDATA = class java.lang.Object[0]
      DEFAULTCAPACITY_EMPTY_ELEMENTDATA = class java.lang.Object[0]
      elementData = class java.lang.Object[0]
      size = 0
      MAX_ARRAY_SIZE = 2147483639
      modCount = 1
      MAX_ARRAY_SIZE = 2147483639
    scratchdir = null
    jspClassLoaderLimit = 0
    jspClassLoaderExclusionList = null
    jspClassLoadersMap = null
    jspClassLoaderLimitTrackIF = false
    defaultExtProc = null
    directoryBrowsingServlet = null
    cdiContexts = class java.util.concurrent.ConcurrentHashMap@ed111310
      serialVersionUID = 7249069246763182397
      MAXIMUM_CAPACITY = 1073741824
      DEFAULT_CAPACITY = 16
      MAX_ARRAY_SIZE = 2147483639
      DEFAULT_CONCURRENCY_LEVEL = 16
      LOAD_FACTOR = 0.75
      TREEIFY_THRESHOLD = 8
      UNTREEIFY_THRESHOLD = 6
      MIN_TREEIFY_CAPACITY = 64
      MIN_TRANSFER_STRIDE = 16
      RESIZE_STAMP_BITS = 16
      MAX_RESIZERS = 65535
      RESIZE_STAMP_SHIFT = 16
      MOVED = -1
      TREEBIN = -2
      RESERVED = -3
      HASH_BITS = 2147483647
      NCPU = 12
      serialPersistentFields = class java.io.ObjectStreamField[3]
      table = null
      nextTable = null
      baseCount = 0
      sizeCtl = 0
      transferIndex = 0
      cellsBusy = 0
      counterCells = null
      keySet = null
      values = null
      entrySet = null
      U = class sun.misc.Unsafe@bcd5d6d
      SIZECTL = 48
      TRANSFERINDEX = 52
      BASECOUNT = 16
      CELLSBUSY = 56
      CELLVALUE = 72
      ABASE = 8
      ASHIFT = 2
      keySet = null
      values = null
    moduleConfig = class com.ibm.ws.webcontainer.osgi.container.DeployedModule@c4ba5460
      tc = class com.ibm.websphere.ras.TraceComponent@f4fa16db
      loader = class com.ibm.ws.classloading.internal.ThreadContextClassLoader@6e29361d
      webApp = class com.ibm.ws.webcontainer40.osgi.webapp.WebApp40@364bdfb9
      webAppConfig = class com.ibm.ws.webcontainer.osgi.webapp.WebAppConfiguration@cd184c1d
      contextRootAdded = class com.ibm.ws.threading.internal.NonCancelableResultFuture@c4f5908a
      properContextRoot = "/"
      mappingContextRoot = "/*"
      initTaskCount = class java.util.concurrent.atomic.AtomicInteger@40b5266b
      initTasksDoneListener = class com.ibm.ws.webcontainer.osgi.WebContainer$2@685e898f
      serialVersionUID = -2104814060051592457
      $$$tc$$$ = class com.ibm.websphere.ras.TraceComponent@19d38730
    extensionFactories = class java.util.ArrayList@f875aac8
      serialVersionUID = 8683452581122892189
      DEFAULT_CAPACITY = 10
      EMPTY_ELEMENTDATA = class java.lang.Object[0]
      DEFAULTCAPACITY_EMPTY_ELEMENTDATA = class java.lang.Object[0]
      elementData = class java.lang.Object[10]
      size = 2
      MAX_ARRAY_SIZE = 2147483639
      modCount = 6
      MAX_ARRAY_SIZE = 2147483639
    initialized = true
    lock = class com.ibm.ws.webcontainer.webapp.WebApp$1@75be98ed
      this$0 = class com.ibm.ws.webcontainer40.osgi.webapp.WebApp40@364bdfb9
    afterServletContextCreated = false
    redirectContextRoot = false
    errorExceptionTypeFirst = false
    initFilterBeforeServletInit = false
    SET_400_SC_ON_TOO_MANY_PARENT_DIRS = false
    sortedServletConfigs = class java.util.ArrayList@92d8ee09
      serialVersionUID = 8683452581122892189
      DEFAULT_CAPACITY = 10
      EMPTY_ELEMENTDATA = class java.lang.Object[0]
      DEFAULTCAPACITY_EMPTY_ELEMENTDATA = class java.lang.Object[0]
      elementData = class java.lang.Object[10]
      size = 2
      MAX_ARRAY_SIZE = 2147483639
      modCount = 2
      MAX_ARRAY_SIZE = 2147483639
    effectiveMajorVersion = 3
    effectiveMinorVersion = 1
    canAddServletContextListener = true
    withinContextInitOfProgAddListener = false
    lastProgAddListenerInitialized = "com.ibm.ws.cache.CacheServiceImpl"
    webInfLibClassloader = null
    metaInfCache = class com.ibm.ws.webcontainer.webapp.WebApp$2@4d064938
      this$0 = class com.ibm.ws.webcontainer40.osgi.webapp.WebApp40@364bdfb9
      serialVersionUID = 3801124242820219131
      head = null
      tail = null
      accessOrder = true
      serialVersionUID = 362498820763181265
      DEFAULT_INITIAL_CAPACITY = 16
      MAXIMUM_CAPACITY = 1073741824
      DEFAULT_LOAD_FACTOR = 0.75
      TREEIFY_THRESHOLD = 8
      UNTREEIFY_THRESHOLD = 6
      MIN_TREEIFY_CAPACITY = 64
      table = null
      entrySet = null
      size = 0
      modCount = 0
      threshold = 32
      loadFactor = 1.0
      keySet = null
      values = null
    useMetaInfCache = true
    SUN_CONFIGURE_LISTENER_CLASSNAME = "com.sun.faces.config.ConfigureListener"
    MYFACES_LIFECYCLE_LISTENER_CLASSNAME = "org.apache.myfaces.webapp.StartupServletContextListener"
    JSF_IMPL_ENABLED_PARAM = "com.ibm.ws.jsf.JSF_IMPL_ENABLED"
    JSF_IMPL_ENABLED_CUSTOM = "Custom"
    JSF_IMPL_ENABLED_NONE = "None"
    staticDocRoot = class com.ibm.ws.webcontainer.util.DocumentRootUtils@c5802d5d
      logger = class com.ibm.ws.logging.internal.WsLogger@c4026e6a
      CLASS_NAME = "com.ibm.ws.webcontainer.util.DocumentRootUtils"
      useContentLength = false
      matchedFile = null
      matchedZipFile = null
      matchedEntry = null
      matchedURL = null
      edrRoot = null
      pfedrRoot = null
      ctxt = class com.ibm.ws.webcontainer40.osgi.webapp.WebApp40@364bdfb9
      baseDir = null
      edr = null
      pfedr = null
      metaInfRes = null
      searchpfEDR = false
      searchEDR = false
      searchMetaInfRes = true
      matchFromEDR = false
      matchFromMetaInfRes = false
      matchIsADirectory = false
      appConfig = class com.ibm.ws.webcontainer.osgi.webapp.WebAppConfiguration@cd184c1d
      attributeType = "staticFile"
      STATIC_FILE = "staticFile"
      JSP = "jsp"
      PFEDR = "preFragmentExtendedDocumentRoot"
      EDR = "extendedDocumentRoot"
    jspDocRoot = class com.ibm.ws.webcontainer.util.DocumentRootUtils@42204f96
      logger = class com.ibm.ws.logging.internal.WsLogger@c4026e6a
      CLASS_NAME = "com.ibm.ws.webcontainer.util.DocumentRootUtils"
      useContentLength = false
      matchedFile = null
      matchedZipFile = null
      matchedEntry = null
      matchedURL = null
      edrRoot = null
      pfedrRoot = null
      ctxt = class com.ibm.ws.webcontainer40.osgi.webapp.WebApp40@364bdfb9
      baseDir = null
      edr = null
      pfedr = null
      metaInfRes = null
      searchpfEDR = false
      searchEDR = false
      searchMetaInfRes = true
      matchFromEDR = false
      matchFromMetaInfRes = false
      matchIsADirectory = false
      appConfig = class com.ibm.ws.webcontainer.osgi.webapp.WebAppConfiguration@cd184c1d
      attributeType = "jsp"
      STATIC_FILE = "staticFile"
      JSP = "jsp"
      PFEDR = "preFragmentExtendedDocumentRoot"
      EDR = "extendedDocumentRoot"
    container = class com.ibm.ws.adaptable.module.internal.AdaptableContainerImpl@7b46999a
      root = class com.ibm.ws.adaptable.module.internal.AdaptableContainerImpl@7b46999a
      rootOverlay = class com.ibm.ws.artifact.overlay.internal.DirectoryBasedOverlayContainerImpl@44b10c19
      factoryHolder = class com.ibm.ws.adaptable.module.internal.AdaptableModuleFactoryImpl@b9f0700b
      delegate = class com.ibm.ws.artifact.overlay.internal.DirectoryBasedOverlayContainerImpl@44b10c19
      notifier = class com.ibm.ws.adaptable.module.internal.NotifierImpl@42b16624
      serialVersionUID = -5950528200509051684
      $$$tc$$$ = class com.ibm.websphere.ras.TraceComponent@8b1228c1
    metaInfResourceFinder = class com.ibm.ws.webcontainer.util.MetaInfResourceFinder@6592160d
      jarResourceContainers = class java.util.ArrayList@dd858a6e
      container = class com.ibm.ws.adaptable.module.internal.AdaptableContainerImpl@7b46999a
    postConstructMethods = class com.ibm.ws.webcontainer.webapp.WebApp$AnnotatedMethods@9201cc27
      annotationClass = class java.lang.Class@49d21961
      noOpClassNames = class java.util.HashSet@acaa5b13
      annotatedMethodNames = class java.util.concurrent.ConcurrentHashMap@af9bf90c
      EMPTY_METHODS = class java.lang.reflect.Method[0]
    preDestroyMethods = class com.ibm.ws.webcontainer.webapp.WebApp$AnnotatedMethods@d84f90ed
      annotationClass = class java.lang.Class@cd09170e
      noOpClassNames = class java.util.HashSet@3f0c7684
      annotatedMethodNames = class java.util.concurrent.ConcurrentHashMap@9341566d
      EMPTY_METHODS = class java.lang.reflect.Method[0]
    OBJ_EMPTY = class java.lang.Object[0]
    CLASS_EMPTY = class java.lang.Class[0]
    DEFAULT_JSP_EXTENSIONS = class java.util.ArrayList@b9a43cb3
      serialVersionUID = 8683452581122892189
      DEFAULT_CAPACITY = 10
      EMPTY_ELEMENTDATA = class java.lang.Object[0]
      DEFAULTCAPACITY_EMPTY_ELEMENTDATA = class java.lang.Object[0]
      elementData = class java.lang.Object[10]
      size = 4
      MAX_ARRAY_SIZE = 2147483639
      modCount = 4
      MAX_ARRAY_SIZE = 2147483639
    DEFER_SERVLET_REQUEST_LISTENER_DESTROY_ON_ERROR = false
    DO_ACCEPT_PARTIAL = true
    DO_NOT_ACCEPT_PARTIAL = false
    DO_ACCEPT_EXCLUDED = true
    DO_NOT_ACCEPT_EXCLUDED = false
    commands = class java.util.ArrayList@95c6273b
      serialVersionUID = 8683452581122892189
      DEFAULT_CAPACITY = 10
      EMPTY_ELEMENTDATA = class java.lang.Object[0]
      DEFAULTCAPACITY_EMPTY_ELEMENTDATA = class java.lang.Object[0]
      elementData = class java.lang.Object[3]
      size = 0
      MAX_ARRAY_SIZE = 2147483639
      modCount = 0
      MAX_ARRAY_SIZE = 2147483639
    requestMapper = class com.ibm.wsspi.webcontainer.util.URIMapper@d5da36eb
      matcher = class com.ibm.wsspi.webcontainer40.util.URIMatcher40@7b03a8a8
    parent = class com.ibm.ws.webcontainer.osgi.webapp.WebGroup@f84bb8db
      tc = class com.ibm.websphere.ras.TraceComponent@7dcd46f
      logger = class com.ibm.ws.logging.internal.WsLogger@c43d5529
      CLASS_NAME = "com.ibm.ws.webcontainer.webapp.WebGroup"
      sessUrlRewritePrefix = ";jsessionid="
      qMark = "?"
      config = class com.ibm.ws.webcontainer.osgi.webapp.WebGroupConfiguration@383a56af
      webApp = class com.ibm.ws.webcontainer40.osgi.webapp.WebApp40@364bdfb9
      commands = class java.util.ArrayList@a8d00620
      requestMapper = null
      parent = class com.ibm.ws.webcontainer.osgi.DynamicVirtualHost@66ab1a86
      name = "/*"
      isAlive = true
      subElements = class java.util.HashMap@d4d35a8f
      attributes = null
      config = null
      serialVersionUID = -8271459000149267764
      $$$tc$$$ = class com.ibm.websphere.ras.TraceComponent@917928f7
    name = "guide-security-intro"
    isAlive = true
    subElements = null
    attributes = class java.util.concurrent.ConcurrentHashMap@14956c61
      serialVersionUID = 7249069246763182397
      MAXIMUM_CAPACITY = 1073741824
      DEFAULT_CAPACITY = 16
      MAX_ARRAY_SIZE = 2147483639
      DEFAULT_CONCURRENCY_LEVEL = 16
      LOAD_FACTOR = 0.75
      TREEIFY_THRESHOLD = 8
      UNTREEIFY_THRESHOLD = 6
      MIN_TREEIFY_CAPACITY = 64
      MIN_TRANSFER_STRIDE = 16
      RESIZE_STAMP_BITS = 16
      MAX_RESIZERS = 65535
      RESIZE_STAMP_SHIFT = 16
      MOVED = -1
      TREEBIN = -2
      RESERVED = -3
      HASH_BITS = 2147483647
      NCPU = 12
      serialPersistentFields = class java.io.ObjectStreamField[3]
      table = class java.util.concurrent.ConcurrentHashMap$Node[128]
      nextTable = null
      baseCount = 51
      sizeCtl = 96
      transferIndex = 0
      cellsBusy = 0
      counterCells = null
      keySet = null
      values = null
      entrySet = null
      U = class sun.misc.Unsafe@bcd5d6d
      SIZECTL = 48
      TRANSFERINDEX = 52
      BASECOUNT = 16
      CELLSBUSY = 56
      CELLVALUE = 72
      ABASE = 8
      ASHIFT = 2
      keySet = null
      values = null
    config = null
    serialVersionUID = -8271459000149267764
    $$$tc$$$ = class com.ibm.websphere.ras.TraceComponent@917928f7
      strings[0] = "TraceComponent[com.ibm.ws.container.AbstractContainer,class com.ibm.ws.container.AbstractContainer,[],null,null]"

