------Start of DE processing------ = [23/07/20 17:10:04:012 BST]
Exception = javax.servlet.ServletException
Source = com.ibm.ws.webcontainer.servlet.FileServletWrapper.handleRequest
probeid = 309
Stack Dump = javax.servlet.ServletException: java.io.IOException: Broken pipe
	at com.ibm.ws.webcontainer.servlet.FileServletWrapper.service(FileServletWrapper.java:720)
	at com.ibm.ws.webcontainer.servlet.FileServletWrapper.handleRequest(FileServletWrapper.java:515)
	at com.ibm.ws.webcontainer.servlet.FileServletWrapper.handleRequest(FileServletWrapper.java:265)
	at com.ibm.ws.webcontainer.extension.DefaultExtensionProcessor.handleRequest(DefaultExtensionProcessor.java:895)
	at com.ibm.ws.webcontainer.filter.WebAppFilterChain.invokeTarget(WebAppFilterChain.java:182)
	at com.ibm.ws.webcontainer.filter.WebAppFilterChain.doFilter(WebAppFilterChain.java:93)
	at com.ibm.ws.security.jaspi.JaspiServletFilter.doFilter(JaspiServletFilter.java:56)
	at com.ibm.ws.webcontainer.filter.FilterInstanceWrapper.doFilter(FilterInstanceWrapper.java:201)
	at com.ibm.ws.webcontainer.filter.WebAppFilterChain.doFilter(WebAppFilterChain.java:90)
	at com.ibm.ws.webcontainer.filter.WebAppFilterManager.doFilter(WebAppFilterManager.java:1001)
	at com.ibm.ws.webcontainer.filter.WebAppFilterManager.invokeFilters(WebAppFilterManager.java:1139)
	at com.ibm.ws.webcontainer.webapp.WebApp.handleRequest(WebApp.java:5037)
	at com.ibm.ws.webcontainer.osgi.DynamicVirtualHost$2.handleRequest(DynamicVirtualHost.java:314)
	at com.ibm.ws.webcontainer.WebContainer.handleRequest(WebContainer.java:1007)
	at com.ibm.ws.webcontainer.osgi.DynamicVirtualHost$2.run(DynamicVirtualHost.java:279)
	at com.ibm.ws.http.dispatcher.internal.channel.HttpDispatcherLink$TaskWrapper.run(HttpDispatcherLink.java:1134)
	at com.ibm.ws.http.dispatcher.internal.channel.HttpDispatcherLink.wrapHandlerAndExecute(HttpDispatcherLink.java:415)
	at com.ibm.ws.http.dispatcher.internal.channel.HttpDispatcherLink.ready(HttpDispatcherLink.java:374)
	at com.ibm.ws.http.channel.internal.inbound.HttpInboundLink.handleDiscrimination(HttpInboundLink.java:546)
	at com.ibm.ws.http.channel.internal.inbound.HttpInboundLink.handleNewRequest(HttpInboundLink.java:480)
	at com.ibm.ws.http.channel.internal.inbound.HttpInboundLink.processRequest(HttpInboundLink.java:345)
	at com.ibm.ws.http.channel.internal.inbound.HttpICLReadCallback.complete(HttpICLReadCallback.java:70)
	at com.ibm.ws.channel.ssl.internal.SSLReadServiceContext$SSLReadCompletedCallback.complete(SSLReadServiceContext.java:1824)
	at com.ibm.ws.tcpchannel.internal.WorkQueueManager.requestComplete(WorkQueueManager.java:504)
	at com.ibm.ws.tcpchannel.internal.WorkQueueManager.attemptIO(WorkQueueManager.java:574)
	at com.ibm.ws.tcpchannel.internal.WorkQueueManager.workerRun(WorkQueueManager.java:958)
	at com.ibm.ws.tcpchannel.internal.WorkQueueManager$Worker.run(WorkQueueManager.java:1047)
	at com.ibm.ws.threading.internal.ExecutorServiceImpl$RunnableWrapper.run(ExecutorServiceImpl.java:239)
	at java.util.concurrent.ThreadPoolExecutor.runWorker(ThreadPoolExecutor.java:1149)
	at java.util.concurrent.ThreadPoolExecutor$Worker.run(ThreadPoolExecutor.java:624)
	at java.lang.Thread.run(Thread.java:819)
Caused by: java.io.IOException: Broken pipe
	at sun.nio.ch.FileDispatcherImpl.write0(Native Method)
	at sun.nio.ch.SocketDispatcher.write(SocketDispatcher.java:47)
	at sun.nio.ch.IOUtil.writeFromNativeBuffer(IOUtil.java:93)
	at sun.nio.ch.IOUtil.write(IOUtil.java:51)
	at sun.nio.ch.SocketChannelImpl.write(SocketChannelImpl.java:471)
	at com.ibm.ws.tcpchannel.internal.NioSocketIOChannel.write(NioSocketIOChannel.java:201)
	at com.ibm.ws.tcpchannel.internal.NioSocketIOChannel.attemptWriteToSocketUsingNIO(NioSocketIOChannel.java:139)
	at com.ibm.ws.tcpchannel.internal.SocketIOChannel.attemptWriteToSocket(SocketIOChannel.java:198)
	at com.ibm.ws.tcpchannel.internal.WorkQueueManager.attemptIO(WorkQueueManager.java:595)
	at com.ibm.ws.tcpchannel.internal.WorkQueueManager.processWork(WorkQueueManager.java:304)
	at com.ibm.ws.tcpchannel.internal.NioTCPWriteRequestContextImpl.processAsyncWriteRequest(NioTCPWriteRequestContextImpl.java:102)
	at com.ibm.ws.tcpchannel.internal.TCPWriteRequestContextImpl.writeInternal(TCPWriteRequestContextImpl.java:320)
	at com.ibm.ws.tcpchannel.internal.NioTCPWriteRequestContextImpl.processSyncWriteRequest(NioTCPWriteRequestContextImpl.java:58)
	at com.ibm.ws.tcpchannel.internal.TCPWriteRequestContextImpl.write(TCPWriteRequestContextImpl.java:96)
	at com.ibm.ws.channel.ssl.internal.SSLWriteServiceContext.write(SSLWriteServiceContext.java:171)
	at com.ibm.ws.http.channel.internal.HttpServiceContextImpl.synchWrite(HttpServiceContextImpl.java:3119)
	at com.ibm.ws.http.channel.internal.HttpServiceContextImpl.sendOutgoing(HttpServiceContextImpl.java:2766)
	at com.ibm.ws.http.channel.internal.inbound.HttpInboundServiceContextImpl.sendResponseBody(HttpInboundServiceContextImpl.java:701)
	at com.ibm.ws.http.channel.internal.outbound.HttpOutputStreamImpl.flushBuffers(HttpOutputStreamImpl.java:544)
	at com.ibm.ws.http.channel.internal.outbound.HttpOutputStreamImpl.writeToBuffers(HttpOutputStreamImpl.java:328)
	at com.ibm.ws.http.channel.internal.outbound.HttpOutputStreamImpl.write(HttpOutputStreamImpl.java:685)
	at com.ibm.ws.webcontainer.osgi.response.WCOutputStream.write(WCOutputStream.java:250)
	at com.ibm.ws.webcontainer31.osgi.response.WCOutputStream31.write(WCOutputStream31.java:217)
	at com.ibm.ws.webcontainer.servlet.FileServletWrapper.writeByBytes(FileServletWrapper.java:1003)
	at com.ibm.ws.webcontainer.servlet.FileServletWrapper.writeResponseToClient(FileServletWrapper.java:959)
	at com.ibm.ws.webcontainer.servlet.FileServletWrapper.service(FileServletWrapper.java:692)
	... 30 more

Dump of callerThis
null
