********************************************************************************
product = Open Liberty 20.0.0.7 (wlp-1.0.42.cl200720200625-0300)
wlp.install.dir = /Users/thomas.jennings@ibm.com/workdir/security-openliberty-blockchain/application/client/guide-security-intro/finish/target/liberty/wlp/
java.home = /Library/Java/JavaVirtualMachines/adoptopenjdk-8-openj9.jdk/Contents/Home/jre
java.version = 1.8.0_222
java.runtime = OpenJDK Runtime Environment (1.8.0_222-b10)
os = Mac OS X (10.15.5; x86_64) (en_GB)
process = 64820@Thomass-MacBook-Pro.local
********************************************************************************
[27/07/20 09:40:51:900 BST] 00000001 com.ibm.ws.kernel.launch.internal.FrameworkManager           A CWWKE0001I: The server defaultServer has been launched.
[27/07/20 09:40:52:983 BST] 00000028 com.ibm.ws.config.xml.internal.XMLConfigParser               A CWWKG0028A: Processing included configuration resource: /Users/thomas.jennings@ibm.com/workdir/security-openliberty-blockchain/application/client/guide-security-intro/finish/target/liberty/wlp/usr/servers/defaultServer/userRegistry.xml
[27/07/20 09:40:52:988 BST] 00000028 com.ibm.ws.config.xml.internal.ServerXMLConfiguration        A CWWKG0093A: Processing configuration drop-ins resource: /Users/thomas.jennings@ibm.com/workdir/security-openliberty-blockchain/application/client/guide-security-intro/finish/target/liberty/wlp/usr/servers/defaultServer/configDropins/overrides/liberty-plugin-variable-config.xml
[27/07/20 09:40:53:149 BST] 00000001 com.ibm.ws.kernel.launch.internal.FrameworkManager           I CWWKE0002I: The kernel started after 1.639 seconds
[27/07/20 09:40:53:171 BST] 00000031 com.ibm.ws.kernel.feature.internal.FeatureManager            I CWWKF0007I: Feature update started.
[27/07/20 09:40:53:935 BST] 00000025 com.ibm.ws.security.ready.internal.SecurityReadyServiceImpl  I CWWKS0007I: The security service is starting...
[27/07/20 09:40:54:046 BST] 00000026 com.ibm.ws.app.manager.internal.monitor.DropinMonitor        A CWWKZ0058I: Monitoring dropins for applications.
[27/07/20 09:40:54:255 BST] 00000029 com.ibm.ws.cache.ServerCache                                 I DYNA1001I: WebSphere Dynamic Cache instance named baseCache initialized successfully.
[27/07/20 09:40:54:257 BST] 00000029 com.ibm.ws.cache.ServerCache                                 I DYNA1071I: The cache provider default is being used.
[27/07/20 09:40:54:257 BST] 00000029 com.ibm.ws.cache.CacheServiceImpl                            I DYNA1056I: Dynamic Cache (object cache) initialized successfully.
[27/07/20 09:40:54:371 BST] 0000002d com.ibm.ws.ssl.config.WSKeyStore                             A CWPKI0820A: The default keystore has been created using the 'keystore_password' environment variable.
[27/07/20 09:40:54:394 BST] 0000003a com.ibm.ws.security.token.ltpa.internal.LTPAKeyCreateTask    I CWWKS4105I: LTPA configuration is ready after 0.014 seconds.
[27/07/20 09:40:54:398 BST] 00000025 com.ibm.ws.security.ready.internal.SecurityReadyServiceImpl  I CWWKS0008I: The security service is ready.
[27/07/20 09:40:54:406 BST] 00000025 ibm.ws.security.authentication.internal.jaas.JAASServiceImpl I CWWKS1123I: The collective authentication plugin with class name NullCollectiveAuthenticationPlugin has been activated. 
[27/07/20 09:40:54:512 BST] 00000025 com.ibm.ws.security.jaspi.AuthConfigFactoryWrapper           I CWWKS1655I: The default Java Authentication SPI for Containers (JASPIC) AuthConfigFactory class com.ibm.ws.security.jaspi.ProviderRegistry is being used because the Java security property authconfigprovider.factory is not set. 
[27/07/20 09:40:54:566 BST] 0000002d com.ibm.ws.ssl.config.WSKeyStore                             I Successfully loaded default keystore: /Users/thomas.jennings@ibm.com/workdir/security-openliberty-blockchain/application/client/guide-security-intro/finish/target/liberty/wlp/usr/servers/defaultServer/resources/security/key.p12 of type: PKCS12
[27/07/20 09:40:54:729 BST] 00000042 com.ibm.ws.app.manager.AppMessageHelper                      I CWWKZ0018I: Starting application guide-security-intro.war.
[27/07/20 09:40:54:730 BST] 00000042 bm.ws.app.manager.war.internal.WARDeployedAppInfoFactoryImpl I CWWKZ0134I: The guide-security-intro.war application is using the loose application definition at the /Users/thomas.jennings@ibm.com/workdir/security-openliberty-blockchain/application/client/guide-security-intro/finish/target/liberty/wlp/usr/servers/defaultServer/apps/guide-security-intro.war.xml location.
[27/07/20 09:40:55:014 BST] 00000042 com.ibm.ws.session.WASSessionCore                            I SESN8501I: The session manager did not find a persistent storage location; HttpSession objects will be stored in the local application server's memory.
[27/07/20 09:40:55:062 BST] 00000042 org.jboss.weld.Version                                       I WELD-000900: 3.1.4 (Final)
[27/07/20 09:40:55:542 BST] 00000042 org.jboss.weld.Event                                         I WELD-000411: Observer method [BackedAnnotatedMethod] org.apache.myfaces.config.annotation.CdiAnnotationProviderExtension.processAnnotatedType(@Observes ProcessAnnotatedType<T>) receives events for all annotated types. Consider restricting events using @WithAnnotations or a generic type with bounds.
[27/07/20 09:40:55:556 BST] 00000042 org.jboss.weld.Event                                         I WELD-000411: Observer method [BackedAnnotatedMethod] org.apache.myfaces.cdi.JsfArtifactProducerExtension.processAnnotatedType(@Observes ProcessAnnotatedType<T>, BeanManager) receives events for all annotated types. Consider restricting events using @WithAnnotations or a generic type with bounds.
[27/07/20 09:40:55:875 BST] 00000042 com.ibm.ws.webcontainer.osgi.webapp.WebGroup                 I SRVE0169I: Loading Web Module: Liberty Project.
[27/07/20 09:40:55:876 BST] 00000042 com.ibm.ws.webcontainer                                      I SRVE0250I: Web Module Liberty Project has been bound to default_host.
[27/07/20 09:40:55:877 BST] 00000042 com.ibm.ws.http.internal.VirtualHostImpl                     A CWWKT0016I: Web application available (default_host): http://localhost:9080/
[27/07/20 09:40:55:900 BST] 00000058 com.ibm.ws.session.WASSessionCore                            I SESN0176I: A new session context will be created for application key default_host/
[27/07/20 09:40:55:914 BST] 00000058 com.ibm.ws.util                                              I SESN0172I: The session manager is using the Java default SecureRandom implementation for session ID generation.
[27/07/20 09:40:55:966 BST] 00000058 com.ibm.ws.cache.CacheServiceImpl                            I DYNA1056I: Dynamic Cache (object cache) initialized successfully.
[27/07/20 09:40:55:969 BST] 00000058 org.apache.myfaces.ee.MyFacesContainerInitializer            I Using org.apache.myfaces.ee.MyFacesContainerInitializer
[27/07/20 09:40:55:988 BST] 00000047 com.ibm.ws.webcontainer.osgi.mbeans.PluginGenerator          I SRVE9103I: A configuration file for a web server plugin was automatically generated for this server at /Users/thomas.jennings@ibm.com/workdir/security-openliberty-blockchain/application/client/guide-security-intro/finish/target/liberty/wlp/usr/servers/defaultServer/logs/state/plugin-cfg.xml.
[27/07/20 09:40:56:208 BST] 00000058 org.apache.myfaces.config.DefaultFacesConfigurationProvider  I Reading standard config META-INF/standard-faces-config.xml
[27/07/20 09:40:56:321 BST] 00000058 org.apache.myfaces.config.DefaultFacesConfigurationProvider  I Found javax.faces.application.ApplicationFactory factory implementation: com.ibm.ws.jsf.config.WASApplicationFactoryImpl
[27/07/20 09:40:56:534 BST] 00000058 org.apache.myfaces.spi.impl.DefaultInjectionProviderFactory  I Using InjectionProvider com.ibm.ws.jsf.spi.impl.WASCDIAnnotationDelegateInjectionProvider
[27/07/20 09:40:56:589 BST] 00000058 org.apache.myfaces.util.ExternalSpecifications               I MyFaces CDI support enabled
[27/07/20 09:40:56:594 BST] 00000058 org.apache.myfaces.util.ExternalSpecifications               I MyFaces Bean Validation support disabled
[27/07/20 09:40:56:678 BST] 00000058 org.apache.myfaces.application.ApplicationImpl               I Couldn't discover the current project stage, using Production
[27/07/20 09:40:56:679 BST] 00000058 org.apache.myfaces.config.FacesConfigurator                  I Serialization provider : class org.apache.myfaces.shared_impl.util.serial.DefaultSerialFactory
[27/07/20 09:40:56:704 BST] 00000058 org.apache.myfaces.webapp.AbstractFacesInitializer           I ServletContext initialized.
[27/07/20 09:40:56:705 BST] 00000058 org.apache.myfaces.webapp.WebConfigParamsLogger              I Tomahawk jar not available. Autoscrolling, DetectJavascript, AddResourceClass and CheckExtensionsFilter are disabled now.
[27/07/20 09:40:56:705 BST] 00000058 org.apache.myfaces.webapp.WebConfigParamsLogger              I Scanning for context init parameters not defined. It is not necessary to define them all into your web.xml, they are just provided here for informative purposes. To disable this messages set org.apache.myfaces.LOG_WEB_CONTEXT_PARAMS config param to 'false'
[27/07/20 09:40:56:705 BST] 00000058 org.apache.myfaces.webapp.WebConfigParamsLogger              I No context init parameter 'javax.faces.RESOURCE_EXCLUDES' found, using default value '.class .jsp .jspx .properties .xhtml .groovy'.
[27/07/20 09:40:56:705 BST] 00000058 org.apache.myfaces.webapp.WebConfigParamsLogger              I No context init parameter 'javax.faces.STATE_SAVING_METHOD' found, using default value 'server'.
[27/07/20 09:40:56:705 BST] 00000058 org.apache.myfaces.webapp.WebConfigParamsLogger              I No context init parameter 'javax.faces.FULL_STATE_SAVING_VIEW_IDS' found.
[27/07/20 09:40:56:706 BST] 00000058 org.apache.myfaces.webapp.WebConfigParamsLogger              I No context init parameter 'javax.faces.PARTIAL_STATE_SAVING' found, using default value 'true (false with 1.2 webapps)'.
[27/07/20 09:40:56:706 BST] 00000058 org.apache.myfaces.webapp.WebConfigParamsLogger              I No context init parameter 'javax.faces.SERIALIZE_SERVER_STATE' found, using default value 'false'.
[27/07/20 09:40:56:706 BST] 00000058 org.apache.myfaces.webapp.WebConfigParamsLogger              I No context init parameter 'javax.faces.DEFAULT_SUFFIX' found, using default value '.xhtml .view.xml .jsp'.
[27/07/20 09:40:56:706 BST] 00000058 org.apache.myfaces.webapp.WebConfigParamsLogger              I No context init parameter 'javax.faces.FACELETS_SUFFIX' found, using default value '.xhtml'.
[27/07/20 09:40:56:706 BST] 00000058 org.apache.myfaces.webapp.WebConfigParamsLogger              I No context init parameter 'javax.faces.FACELETS_VIEW_MAPPINGS' found.
[27/07/20 09:40:56:706 BST] 00000058 org.apache.myfaces.webapp.WebConfigParamsLogger              I No context init parameter 'javax.faces.DISABLE_FACELET_JSF_VIEWHANDLER' found.
[27/07/20 09:40:56:706 BST] 00000058 org.apache.myfaces.webapp.WebConfigParamsLogger              I No context init parameter 'javax.faces.FACELETS_BUFFER_SIZE' found, using default value '1024'.
[27/07/20 09:40:56:706 BST] 00000058 org.apache.myfaces.webapp.WebConfigParamsLogger              I No context init parameter 'javax.faces.FACELETS_DECORATORS' found.
[27/07/20 09:40:56:706 BST] 00000058 org.apache.myfaces.webapp.WebConfigParamsLogger              I No context init parameter 'javax.faces.FACELETS_LIBRARIES' found.
[27/07/20 09:40:56:706 BST] 00000058 org.apache.myfaces.webapp.WebConfigParamsLogger              I No context init parameter 'javax.faces.FACELETS_REFRESH_PERIOD' found, using default value '-1'.
[27/07/20 09:40:56:706 BST] 00000058 org.apache.myfaces.webapp.WebConfigParamsLogger              I No context init parameter 'javax.faces.FACELETS_SKIP_COMMENTS' found.
[27/07/20 09:40:56:706 BST] 00000058 org.apache.myfaces.webapp.WebConfigParamsLogger              I No context init parameter 'javax.faces.HONOR_CURRENT_COMPONENT_ATTRIBUTES' found, using default value 'false'.
[27/07/20 09:40:56:706 BST] 00000058 org.apache.myfaces.webapp.WebConfigParamsLogger              I No context init parameter 'javax.faces.VALIDATE_EMPTY_FIELDS' found, using default value 'auto'.
[27/07/20 09:40:56:706 BST] 00000058 org.apache.myfaces.webapp.WebConfigParamsLogger              I No context init parameter 'javax.faces.INTERPRET_EMPTY_STRING_SUBMITTED_VALUES_AS_NULL' found, using default value 'false'.
[27/07/20 09:40:56:706 BST] 00000058 org.apache.myfaces.webapp.WebConfigParamsLogger              I No context init parameter 'org.apache.myfaces.CLEAR_INPUT_WHEN_SUBMITTED_VALUE_IS_NULL_OR_EMPTY' found, using default value 'true'.
[27/07/20 09:40:56:706 BST] 00000058 org.apache.myfaces.webapp.WebConfigParamsLogger              I No context init parameter 'javax.faces.ALWAYS_PERFORM_VALIDATION_WHEN_REQUIRED_IS_TRUE' found, using default value 'false'.
[27/07/20 09:40:56:706 BST] 00000058 org.apache.myfaces.webapp.WebConfigParamsLogger              I No context init parameter 'javax.faces.VIEWROOT_PHASE_LISTENER_QUEUES_EXCEPTIONS' found, using default value 'false'.
[27/07/20 09:40:56:706 BST] 00000058 org.apache.myfaces.webapp.WebConfigParamsLogger              I No context init parameter 'javax.faces.DATETIMECONVERTER_DEFAULT_TIMEZONE_IS_SYSTEM_TIMEZONE' found, using default value 'false'.
[27/07/20 09:40:56:706 BST] 00000058 org.apache.myfaces.webapp.WebConfigParamsLogger              I No context init parameter 'org.apache.myfaces.ENUM_CONVERTER_ALLOW_STRING_PASSTROUGH' found, using default value 'false'.
[27/07/20 09:40:56:706 BST] 00000058 org.apache.myfaces.webapp.WebConfigParamsLogger              I No context init parameter 'javax.faces.validator.DISABLE_DEFAULT_BEAN_VALIDATOR' found, using default value 'true'.
[27/07/20 09:40:56:706 BST] 00000058 org.apache.myfaces.webapp.WebConfigParamsLogger              I No context init parameter 'javax.faces.validator.ENABLE_VALIDATE_WHOLE_BEAN' found, using default value 'false'.
[27/07/20 09:40:56:707 BST] 00000058 org.apache.myfaces.webapp.WebConfigParamsLogger              I No context init parameter 'javax.faces.CONFIG_FILES' found.
[27/07/20 09:40:56:707 BST] 00000058 org.apache.myfaces.webapp.WebConfigParamsLogger              I No context init parameter 'javax.faces.LIFECYCLE_ID' found.
[27/07/20 09:40:56:707 BST] 00000058 org.apache.myfaces.webapp.WebConfigParamsLogger              I No context init parameter 'javax.faces.DISABLE_FACESSERVLET_TO_XHTML' found.
[27/07/20 09:40:56:707 BST] 00000058 org.apache.myfaces.webapp.WebConfigParamsLogger              I No context init parameter 'org.apache.myfaces.CHECKED_VIEWID_CACHE_SIZE' found, using default value '500'.
[27/07/20 09:40:56:707 BST] 00000058 org.apache.myfaces.webapp.WebConfigParamsLogger              I No context init parameter 'org.apache.myfaces.CHECKED_VIEWID_CACHE_ENABLED' found, using default value 'true'.
[27/07/20 09:40:56:707 BST] 00000058 org.apache.myfaces.webapp.WebConfigParamsLogger              I No context init parameter 'org.apache.myfaces.PRETTY_HTML' found, using default value 'true'.
[27/07/20 09:40:56:707 BST] 00000058 org.apache.myfaces.webapp.WebConfigParamsLogger              I No context init parameter 'org.apache.myfaces.ALLOW_JAVASCRIPT' found, using default value 'true'.
[27/07/20 09:40:56:707 BST] 00000058 org.apache.myfaces.webapp.WebConfigParamsLogger              I No context init parameter 'org.apache.myfaces.CONFIG_REFRESH_PERIOD' found, using default value '2'.
[27/07/20 09:40:56:707 BST] 00000058 org.apache.myfaces.webapp.WebConfigParamsLogger              I No context init parameter 'org.apache.myfaces.VIEWSTATE_JAVASCRIPT' found, using default value 'false'.
[27/07/20 09:40:56:707 BST] 00000058 org.apache.myfaces.webapp.WebConfigParamsLogger              I No context init parameter 'org.apache.myfaces.RENDER_VIEWSTATE_ID' found, using default value 'true'.
[27/07/20 09:40:56:707 BST] 00000058 org.apache.myfaces.webapp.WebConfigParamsLogger              I No context init parameter 'org.apache.myfaces.STRICT_XHTML_LINKS' found, using default value 'true'.
[27/07/20 09:40:56:707 BST] 00000058 org.apache.myfaces.webapp.WebConfigParamsLogger              I No context init parameter 'org.apache.myfaces.RENDER_CLEAR_JAVASCRIPT_FOR_BUTTON' found, using default value 'false'.
[27/07/20 09:40:56:707 BST] 00000058 org.apache.myfaces.webapp.WebConfigParamsLogger              I No context init parameter 'org.apache.myfaces.RENDER_HIDDEN_FIELDS_FOR_LINK_PARAMS' found, using default value 'false'.
[27/07/20 09:40:56:707 BST] 00000058 org.apache.myfaces.webapp.WebConfigParamsLogger              I No context init parameter 'org.apache.myfaces.SAVE_FORM_SUBMIT_LINK_IE' found, using default value 'false'.
[27/07/20 09:40:56:707 BST] 00000058 org.apache.myfaces.webapp.WebConfigParamsLogger              I No context init parameter 'org.apache.myfaces.DELEGATE_FACES_SERVLET' found.
[27/07/20 09:40:56:707 BST] 00000058 org.apache.myfaces.webapp.WebConfigParamsLogger              I No context init parameter 'org.apache.myfaces.REFRESH_TRANSIENT_BUILD_ON_PSS' found, using default value 'auto'.
[27/07/20 09:40:56:707 BST] 00000058 org.apache.myfaces.webapp.WebConfigParamsLogger              I No context init parameter 'org.apache.myfaces.REFRESH_TRANSIENT_BUILD_ON_PSS_PRESERVE_STATE' found, using default value 'false'.
[27/07/20 09:40:56:707 BST] 00000058 org.apache.myfaces.webapp.WebConfigParamsLogger              I No context init parameter 'org.apache.myfaces.VALIDATE_XML' found.
[27/07/20 09:40:56:707 BST] 00000058 org.apache.myfaces.webapp.WebConfigParamsLogger              I No context init parameter 'org.apache.myfaces.WRAP_SCRIPT_CONTENT_WITH_XML_COMMENT_TAG' found, using default value 'false'.
[27/07/20 09:40:56:707 BST] 00000058 org.apache.myfaces.webapp.WebConfigParamsLogger              I No context init parameter 'org.apache.myfaces.RENDER_FORM_SUBMIT_SCRIPT_INLINE' found, using default value 'false'.
[27/07/20 09:40:56:707 BST] 00000058 org.apache.myfaces.webapp.WebConfigParamsLogger              I No context init parameter 'org.apache.myfaces.DEBUG_PHASE_LISTENER' found.
[27/07/20 09:40:56:707 BST] 00000058 org.apache.myfaces.webapp.WebConfigParamsLogger              I No context init parameter 'org.apache.myfaces.STRICT_JSF_2_CC_EL_RESOLVER' found, using default value 'false'.
[27/07/20 09:40:56:707 BST] 00000058 org.apache.myfaces.webapp.WebConfigParamsLogger              I No context init parameter 'org.apache.myfaces.DEFAULT_RESPONSE_WRITER_CONTENT_TYPE_MODE' found, using default value 'text/html'.
[27/07/20 09:40:56:707 BST] 00000058 org.apache.myfaces.webapp.WebConfigParamsLogger              I No context init parameter 'org.apache.myfaces.VIEW_UNIQUE_IDS_CACHE_ENABLED' found, using default value 'true'.
[27/07/20 09:40:56:708 BST] 00000058 org.apache.myfaces.webapp.WebConfigParamsLogger              I No context init parameter 'org.apache.myfaces.COMPONENT_UNIQUE_IDS_CACHE_SIZE' found, using default value '100'.
[27/07/20 09:40:56:708 BST] 00000058 org.apache.myfaces.webapp.WebConfigParamsLogger              I No context init parameter 'org.apache.myfaces.SUPPORT_JSP_AND_FACES_EL' found, using default value 'true'.
[27/07/20 09:40:56:708 BST] 00000058 org.apache.myfaces.webapp.WebConfigParamsLogger              I No context init parameter 'org.apache.myfaces.SUPPORT_MANAGED_BEANS' found, using default value 'true'.
[27/07/20 09:40:56:708 BST] 00000058 org.apache.myfaces.webapp.WebConfigParamsLogger              I No context init parameter 'org.apache.myfaces.GAE_JSF_JAR_FILES' found.
[27/07/20 09:40:56:708 BST] 00000058 org.apache.myfaces.webapp.WebConfigParamsLogger              I No context init parameter 'org.apache.myfaces.GAE_JSF_ANNOTATIONS_JAR_FILES' found.
[27/07/20 09:40:56:708 BST] 00000058 org.apache.myfaces.webapp.WebConfigParamsLogger              I No context init parameter 'org.apache.myfaces.STRICT_JSF_2_VIEW_NOT_FOUND' found, using default value 'false'.
[27/07/20 09:40:56:708 BST] 00000058 org.apache.myfaces.webapp.WebConfigParamsLogger              I No context init parameter 'org.apache.myfaces.EARLY_FLUSH_ENABLED' found, using default value 'false'.
[27/07/20 09:40:56:708 BST] 00000058 org.apache.myfaces.webapp.WebConfigParamsLogger              I No context init parameter 'org.apache.myfaces.STRICT_JSF_2_FACELETS_COMPATIBILITY' found, using default value 'false'.
[27/07/20 09:40:56:708 BST] 00000058 org.apache.myfaces.webapp.WebConfigParamsLogger              I No context init parameter 'org.apache.myfaces.RENDER_FORM_VIEW_STATE_AT_BEGIN' found, using default value 'false'.
[27/07/20 09:40:56:708 BST] 00000058 org.apache.myfaces.webapp.WebConfigParamsLogger              I No context init parameter 'org.apache.myfaces.FLASH_SCOPE_DISABLED' found, using default value 'false'.
[27/07/20 09:40:56:708 BST] 00000058 org.apache.myfaces.webapp.WebConfigParamsLogger              I No context init parameter 'org.apache.myfaces.NUMBER_OF_VIEWS_IN_SESSION' found, using default value '20'.
[27/07/20 09:40:56:708 BST] 00000058 org.apache.myfaces.webapp.WebConfigParamsLogger              I No context init parameter 'org.apache.myfaces.NUMBER_OF_SEQUENTIAL_VIEWS_IN_SESSION' found, using default value '4'.
[27/07/20 09:40:56:708 BST] 00000058 org.apache.myfaces.webapp.WebConfigParamsLogger              I No context init parameter 'org.apache.myfaces.NUMBER_OF_FLASH_TOKENS_IN_SESSION' found.
[27/07/20 09:40:56:708 BST] 00000058 org.apache.myfaces.webapp.WebConfigParamsLogger              I No context init parameter 'org.apache.myfaces.FACES_FLOW_CLIENT_WINDOW_IDS_IN_SESSION' found.
[27/07/20 09:40:56:708 BST] 00000058 org.apache.myfaces.webapp.WebConfigParamsLogger              I No context init parameter 'org.apache.myfaces.SUPPORT_EL_3_IMPORT_HANDLER' found, using default value 'false'.
[27/07/20 09:40:56:708 BST] 00000058 org.apache.myfaces.webapp.WebConfigParamsLogger              I No context init parameter 'org.apache.myfaces.STRICT_JSF_2_ORIGIN_HEADER_APP_PATH' found, using default value 'false'.
[27/07/20 09:40:56:708 BST] 00000058 org.apache.myfaces.webapp.WebConfigParamsLogger              I No context init parameter 'org.apache.myfaces.ALWAYS_FORCE_SESSION_CREATION' found, using default value 'true'.
[27/07/20 09:40:56:708 BST] 00000058 org.apache.myfaces.webapp.WebConfigParamsLogger              I No context init parameter 'org.apache.myfaces.RESOURCE_MAX_TIME_EXPIRES' found, using default value '604800000'.
[27/07/20 09:40:56:708 BST] 00000058 org.apache.myfaces.webapp.WebConfigParamsLogger              I No context init parameter 'org.apache.myfaces.RESOURCE_HANDLER_CACHE_SIZE' found, using default value '500'.
[27/07/20 09:40:56:708 BST] 00000058 org.apache.myfaces.webapp.WebConfigParamsLogger              I No context init parameter 'org.apache.myfaces.RESOURCE_HANDLER_CACHE_ENABLED' found, using default value 'true'.
[27/07/20 09:40:56:708 BST] 00000058 org.apache.myfaces.webapp.WebConfigParamsLogger              I No context init parameter 'org.apache.myfaces.USE_ENCRYPTION' found, using default value 'true'.
[27/07/20 09:40:56:708 BST] 00000058 org.apache.myfaces.webapp.WebConfigParamsLogger              I No context init parameter 'org.apache.myfaces.SECRET' found.
[27/07/20 09:40:56:709 BST] 00000058 org.apache.myfaces.webapp.WebConfigParamsLogger              I No context init parameter 'org.apache.myfaces.ALGORITHM' found, using default value 'DES'.
[27/07/20 09:40:56:709 BST] 00000058 org.apache.myfaces.webapp.WebConfigParamsLogger              I No context init parameter 'org.apache.myfaces.SECRET.CACHE' found.
[27/07/20 09:40:56:709 BST] 00000058 org.apache.myfaces.webapp.WebConfigParamsLogger              I No context init parameter 'org.apache.myfaces.ALGORITHM.IV' found.
[27/07/20 09:40:56:709 BST] 00000058 org.apache.myfaces.webapp.WebConfigParamsLogger              I No context init parameter 'org.apache.myfaces.ALGORITHM.PARAMETERS' found, using default value 'ECB/PKCS5Padding'.
[27/07/20 09:40:56:709 BST] 00000058 org.apache.myfaces.webapp.WebConfigParamsLogger              I No context init parameter 'org.apache.myfaces.SERIAL_FACTORY' found.
[27/07/20 09:40:56:709 BST] 00000058 org.apache.myfaces.webapp.WebConfigParamsLogger              I No context init parameter 'org.apache.myfaces.COMPRESS_STATE_IN_CLIENT' found, using default value 'false'.
[27/07/20 09:40:56:709 BST] 00000058 org.apache.myfaces.webapp.WebConfigParamsLogger              I No context init parameter 'org.apache.myfaces.MAC_ALGORITHM' found, using default value 'HmacSHA1'.
[27/07/20 09:40:56:709 BST] 00000058 org.apache.myfaces.webapp.WebConfigParamsLogger              I No context init parameter 'org.apache.myfaces.MAC_SECRET' found.
[27/07/20 09:40:56:709 BST] 00000058 org.apache.myfaces.webapp.WebConfigParamsLogger              I No context init parameter 'org.apache.myfaces.MAC_SECRET.CACHE' found.
[27/07/20 09:40:56:709 BST] 00000058 org.apache.myfaces.webapp.WebConfigParamsLogger              I No context init parameter 'javax.faces.PROJECT_STAGE' found, using default value 'Production'.
[27/07/20 09:40:56:709 BST] 00000058 org.apache.myfaces.webapp.WebConfigParamsLogger              I No context init parameter 'org.apache.myfaces.LAZY_LOAD_CONFIG_OBJECTS' found, using default value 'true'.
[27/07/20 09:40:56:709 BST] 00000058 org.apache.myfaces.webapp.WebConfigParamsLogger              I No context init parameter 'org.apache.myfaces.STRICT_JSF_2_ALLOW_SLASH_LIBRARY_NAME' found, using default value 'false'.
[27/07/20 09:40:56:709 BST] 00000058 org.apache.myfaces.webapp.WebConfigParamsLogger              I No context init parameter 'org.apache.myfaces.RESOURCE_BUFFER_SIZE' found, using default value '2048'.
[27/07/20 09:40:56:709 BST] 00000058 org.apache.myfaces.webapp.WebConfigParamsLogger              I No context init parameter 'org.apache.myfaces.RANDOM_KEY_IN_CSRF_SESSION_TOKEN' found, using default value 'none'.
[27/07/20 09:40:56:709 BST] 00000058 org.apache.myfaces.webapp.WebConfigParamsLogger              I No context init parameter 'org.apache.myfaces.RANDOM_KEY_IN_CSRF_SESSION_TOKEN_LENGTH' found, using default value '16'.
[27/07/20 09:40:56:709 BST] 00000058 org.apache.myfaces.webapp.WebConfigParamsLogger              I No context init parameter 'org.apache.myfaces.RANDOM_KEY_IN_CSRF_SESSION_TOKEN_SECURE_RANDOM_CLASS' found.
[27/07/20 09:40:56:709 BST] 00000058 org.apache.myfaces.webapp.WebConfigParamsLogger              I No context init parameter 'org.apache.myfaces.RANDOM_KEY_IN_CSRF_SESSION_TOKEN_SECURE_RANDOM_PROVIDER' found.
[27/07/20 09:40:56:709 BST] 00000058 org.apache.myfaces.webapp.WebConfigParamsLogger              I No context init parameter 'org.apache.myfaces.RANDOM_KEY_IN_CSRF_SESSION_TOKEN_SECURE_RANDOM_ALGORITM' found, using default value 'SHA1PRNG'.
[27/07/20 09:40:56:709 BST] 00000058 org.apache.myfaces.webapp.WebConfigParamsLogger              I No context init parameter 'org.apache.myfaces.CLIENT_VIEW_STATE_TIMEOUT' found, using default value '0'.
[27/07/20 09:40:56:709 BST] 00000058 org.apache.myfaces.webapp.WebConfigParamsLogger              I No context init parameter 'org.apache.myfaces.SERIALIZE_STATE_IN_SESSION' found, using default value 'false'.
[27/07/20 09:40:56:709 BST] 00000058 org.apache.myfaces.webapp.WebConfigParamsLogger              I No context init parameter 'org.apache.myfaces.COMPRESS_STATE_IN_SESSION' found, using default value 'true'.
[27/07/20 09:40:56:710 BST] 00000058 org.apache.myfaces.webapp.WebConfigParamsLogger              I No context init parameter 'org.apache.myfaces.USE_FLASH_SCOPE_PURGE_VIEWS_IN_SESSION' found, using default value 'false'.
[27/07/20 09:40:56:710 BST] 00000058 org.apache.myfaces.webapp.WebConfigParamsLogger              I No context init parameter 'org.apache.myfaces.RANDOM_KEY_IN_VIEW_STATE_SESSION_TOKEN' found, using default value 'random'.
[27/07/20 09:40:56:710 BST] 00000058 org.apache.myfaces.webapp.WebConfigParamsLogger              I No context init parameter 'org.apache.myfaces.RANDOM_KEY_IN_VIEW_STATE_SESSION_TOKEN_LENGTH' found, using default value '8'.
[27/07/20 09:40:56:710 BST] 00000058 org.apache.myfaces.webapp.WebConfigParamsLogger              I No context init parameter 'org.apache.myfaces.RANDOM_KEY_IN_VIEW_STATE_SESSION_TOKEN_SECURE_RANDOM_CLASS' found.
[27/07/20 09:40:56:710 BST] 00000058 org.apache.myfaces.webapp.WebConfigParamsLogger              I No context init parameter 'org.apache.myfaces.RANDOM_KEY_IN_VIEW_STATE_SESSION_TOKEN_SECURE_RANDOM_PROVIDER' found.
[27/07/20 09:40:56:710 BST] 00000058 org.apache.myfaces.webapp.WebConfigParamsLogger              I No context init parameter 'org.apache.myfaces.RANDOM_KEY_IN_VIEW_STATE_SESSION_TOKEN_SECURE_RANDOM_ALGORITM' found, using default value 'SHA1PRNG'.
[27/07/20 09:40:56:710 BST] 00000058 org.apache.myfaces.webapp.WebConfigParamsLogger              I No context init parameter 'facelets.LIBRARIES' found.
[27/07/20 09:40:56:710 BST] 00000058 org.apache.myfaces.webapp.WebConfigParamsLogger              I No context init parameter 'org.apache.myfaces.VALIDATE' found, using default value 'false'.
[27/07/20 09:40:56:710 BST] 00000058 org.apache.myfaces.webapp.WebConfigParamsLogger              I No context init parameter 'org.apache.myfaces.annotation.USE_CDI_FOR_ANNOTATION_SCANNING' found.
[27/07/20 09:40:56:710 BST] 00000058 org.apache.myfaces.webapp.WebConfigParamsLogger              I No context init parameter 'org.apache.myfaces.annotation.SCAN_PACKAGES' found.
[27/07/20 09:40:56:710 BST] 00000058 org.apache.myfaces.webapp.WebConfigParamsLogger              I No context init parameter 'org.apache.myfaces.config.annotation.LifecycleProvider' found.
[27/07/20 09:40:56:710 BST] 00000058 org.apache.myfaces.webapp.WebConfigParamsLogger              I No context init parameter 'javax.faces.WEBSOCKET_ENDPOINT_PORT' found.
[27/07/20 09:40:56:710 BST] 00000058 org.apache.myfaces.webapp.WebConfigParamsLogger              I No context init parameter 'org.apache.myfaces.INITIALIZE_SKIP_JAR_FACES_CONFIG_SCAN' found, using default value 'false'.
[27/07/20 09:40:56:710 BST] 00000058 org.apache.myfaces.webapp.WebConfigParamsLogger              I No context init parameter 'org.apache.myfaces.EL_RESOLVER_COMPARATOR' found.
[27/07/20 09:40:56:710 BST] 00000058 org.apache.myfaces.webapp.WebConfigParamsLogger              I No context init parameter 'org.apache.myfaces.EL_RESOLVER_PREDICATE' found.
[27/07/20 09:40:56:710 BST] 00000058 org.apache.myfaces.webapp.WebConfigParamsLogger              I No context init parameter 'org.apache.myfaces.DEFAULT_WINDOW_MODE' found, using default value 'url'.
[27/07/20 09:40:56:710 BST] 00000058 org.apache.myfaces.webapp.WebConfigParamsLogger              I No context init parameter 'org.apache.myfaces.WEBSOCKET_MAX_IDLE_TIMEOUT' found, using default value '300000'.
[27/07/20 09:40:56:710 BST] 00000058 org.apache.myfaces.webapp.WebConfigParamsLogger              I No context init parameter 'org.apache.myfaces.RANDOM_KEY_IN_WEBSOCKET_SESSION_TOKEN' found, using default value 'none'.
[27/07/20 09:40:56:710 BST] 00000058 org.apache.myfaces.webapp.WebConfigParamsLogger              I No context init parameter 'org.apache.myfaces.ERROR_TEMPLATE_RESOURCE' found, using default value 'META-INF/rsc/myfaces-dev-error.xml'.
[27/07/20 09:40:56:710 BST] 00000058 org.apache.myfaces.webapp.WebConfigParamsLogger              I No context init parameter 'org.apache.myfaces.DEBUG_TEMPLATE_RESOURCE' found, using default value 'META-INF/rsc/myfaces-dev-debug.xml'.
[27/07/20 09:40:56:710 BST] 00000058 org.apache.myfaces.webapp.WebConfigParamsLogger              I No context init parameter 'org.apache.myfaces.ERROR_HANDLING' found, using default value 'false, on Development Project stage: true'.
[27/07/20 09:40:56:711 BST] 00000058 org.apache.myfaces.webapp.WebConfigParamsLogger              I No context init parameter 'org.apache.myfaces.AUTOCOMPLETE_OFF_VIEW_STATE' found, using default value 'true'.
[27/07/20 09:40:56:711 BST] 00000058 org.apache.myfaces.webapp.WebConfigParamsLogger              I No context init parameter 'org.apache.myfaces.USE_MULTIPLE_JS_FILES_FOR_JSF_UNCOMPRESSED_JS' found, using default value 'false'.
[27/07/20 09:40:56:711 BST] 00000058 org.apache.myfaces.webapp.WebConfigParamsLogger              I No context init parameter 'org.apache.myfaces.JSF_JS_MODE' found, using default value 'normal'.
[27/07/20 09:40:56:711 BST] 00000058 org.apache.myfaces.webapp.WebConfigParamsLogger              I No context init parameter 'org.apache.myfaces.TEMPORAL_RESOURCEHANDLER_CACHE_ENABLED' found, using default value 'false'.
[27/07/20 09:40:56:711 BST] 00000058 org.apache.myfaces.webapp.WebConfigParamsLogger              I No context init parameter 'org.apache.myfaces.SERVICE_PROVIDER_FINDER' found.
[27/07/20 09:40:56:711 BST] 00000058 org.apache.myfaces.webapp.WebConfigParamsLogger              I No context init parameter 'org.apache.myfaces.spi.InjectionProvider' found.
[27/07/20 09:40:56:711 BST] 00000058 org.apache.myfaces.webapp.WebConfigParamsLogger              I No context init parameter 'javax.faces.DISABLE_FACELET_JSF_VIEWHANDLER' found, using default value 'false'.
[27/07/20 09:40:56:711 BST] 00000058 org.apache.myfaces.webapp.WebConfigParamsLogger              I No context init parameter 'org.apache.myfaces.CHECK_ID_PRODUCTION_MODE' found, using default value 'auto'.
[27/07/20 09:40:56:711 BST] 00000058 org.apache.myfaces.webapp.WebConfigParamsLogger              I No context init parameter 'facelets.BUFFER_SIZE' found.
[27/07/20 09:40:56:711 BST] 00000058 org.apache.myfaces.webapp.WebConfigParamsLogger              I No context init parameter 'facelets.REFRESH_PERIOD' found, using default value '-1'.
[27/07/20 09:40:56:711 BST] 00000058 org.apache.myfaces.webapp.WebConfigParamsLogger              I No context init parameter 'javax.faces.FACELETS_RESOURCE_RESOLVER' found.
[27/07/20 09:40:56:711 BST] 00000058 org.apache.myfaces.webapp.WebConfigParamsLogger              I No context init parameter 'facelets.RESOURCE_RESOLVER' found.
[27/07/20 09:40:56:711 BST] 00000058 org.apache.myfaces.webapp.WebConfigParamsLogger              I No context init parameter 'org.apache.myfaces.MARK_INITIAL_STATE_WHEN_APPLY_BUILD_VIEW' found, using default value 'false'.
[27/07/20 09:40:56:711 BST] 00000058 org.apache.myfaces.webapp.WebConfigParamsLogger              I No context init parameter 'facelets.DECORATORS' found.
[27/07/20 09:40:56:711 BST] 00000058 org.apache.myfaces.webapp.WebConfigParamsLogger              I No context init parameter 'facelets.SKIP_COMMENTS' found.
[27/07/20 09:40:56:711 BST] 00000058 org.apache.myfaces.webapp.WebConfigParamsLogger              I No context init parameter 'org.apache.myfaces.WRAP_TAG_EXCEPTIONS_AS_CONTEXT_AWARE' found, using default value 'true'.
[27/07/20 09:40:56:711 BST] 00000058 org.apache.myfaces.webapp.WebConfigParamsLogger              I No context init parameter 'org.apache.myfaces.CACHE_EL_EXPRESSIONS' found, using default value 'noCache'.
[27/07/20 09:40:56:711 BST] 00000058 org.apache.myfaces.webapp.WebConfigParamsLogger              I No context init parameter 'org.apache.myfaces.VIEW_POOL_MAX_POOL_SIZE' found, using default value '5'.
[27/07/20 09:40:56:711 BST] 00000058 org.apache.myfaces.webapp.WebConfigParamsLogger              I No context init parameter 'org.apache.myfaces.VIEW_POOL_MAX_DYNAMIC_PARTIAL_LIMIT' found, using default value '2'.
[27/07/20 09:40:56:711 BST] 00000058 org.apache.myfaces.webapp.WebConfigParamsLogger              I No context init parameter 'org.apache.myfaces.VIEW_POOL_ENTRY_MODE' found, using default value 'soft'.
[27/07/20 09:40:56:711 BST] 00000058 org.apache.myfaces.webapp.WebConfigParamsLogger              I No context init parameter 'org.apache.myfaces.VIEW_POOL_DEFERRED_NAVIGATION' found, using default value 'false'.
[27/07/20 09:40:56:712 BST] 00000058 org.apache.myfaces.webapp.WebConfigParamsLogger              I No context init parameter 'org.apache.myfaces.validator.BEAN_BEFORE_JSF_VALIDATION' found, using default value 'false'.
[27/07/20 09:40:56:712 BST] 00000058 org.apache.myfaces.webapp.WebConfigParamsLogger              I No context init parameter 'org.apache.myfaces.JSP_SUFFIX' found, using default value '.jsp'.
[27/07/20 09:40:56:712 BST] 00000058 org.apache.myfaces.webapp.WebConfigParamsLogger              I No context init parameter 'org.apache.myfaces.EXPRESSION_FACTORY' found.
[27/07/20 09:40:56:712 BST] 00000058 org.apache.myfaces.webapp.WebConfigParamsLogger              I No context init parameter 'org.apache.myfaces.INITIALIZE_ALWAYS_STANDALONE' found, using default value 'false'.
[27/07/20 09:40:56:712 BST] 00000058 org.apache.myfaces.webapp.WebConfigParamsLogger              I No context init parameter 'org.apache.myfaces.LOG_WEB_CONTEXT_PARAMS' found, using default value 'auto'.
[27/07/20 09:40:56:712 BST] 00000058 org.apache.myfaces.webapp.WebConfigParamsLogger              I No context init parameter 'org.apache.myfaces.AUTOMATIC_EXTENSIONLESS_MAPPING' found, using default value 'false'.
[27/07/20 09:40:56:712 BST] 00000058 org.apache.myfaces.webapp.WebConfigParamsLogger              I No context init parameter 'org.apache.myfaces.FACES_INITIALIZER' found.
[27/07/20 09:40:56:712 BST] 00000058 org.apache.myfaces.webapp.WebConfigParamsLogger              I No context init parameter 'org.apache.myfaces.FACES_INIT_PLUGINS' found.
[27/07/20 09:40:56:715 BST] 00000058 org.apache.myfaces.view.facelets.ViewPoolProcessor           I org.apache.myfaces.CACHE_EL_EXPRESSIONS web config parameter is set to "noCache". To enable view pooling this param must be set to "alwaysRecompile". View Pooling disabled.
[27/07/20 09:40:56:727 BST] 00000058 org.apache.myfaces.webapp.StartupServletContextListener      I MyFaces Core has started, it took [590] ms.
[27/07/20 09:40:56:732 BST] 00000058 com.ibm.ws.app.manager.AppMessageHelper                      A CWWKZ0001I: Application guide-security-intro.war started in 2.003 seconds.
[27/07/20 09:40:56:767 BST] 00000031 com.ibm.ws.tcpchannel.internal.TCPPort                       I CWWKO0219I: TCP Channel defaultHttpEndpoint has been started and is now listening for requests on host localhost  (IPv4: 127.0.0.1) port 9080.
[27/07/20 09:40:56:769 BST] 00000031 com.ibm.ws.tcpchannel.internal.TCPPort                       I CWWKO0219I: TCP Channel defaultHttpEndpoint-ssl has been started and is now listening for requests on host localhost  (IPv4: 127.0.0.1) port 9443.
[27/07/20 09:40:56:782 BST] 00000031 com.ibm.ws.kernel.feature.internal.FeatureManager            A CWWKF0012I: The server installed the following features: [appSecurity-3.0, cdi-2.0, distributedMap-1.0, el-3.0, jndi-1.0, jsf-2.3, jsp-2.3, servlet-4.0, ssl-1.0].
[27/07/20 09:40:56:783 BST] 00000031 com.ibm.ws.kernel.feature.internal.FeatureManager            I CWWKF0008I: Feature update completed in 3.635 seconds.
[27/07/20 09:40:56:783 BST] 00000031 com.ibm.ws.kernel.feature.internal.FeatureManager            A CWWKF0011I: The defaultServer server is ready to run a smarter planet. The defaultServer server started in 5.274 seconds.
[27/07/20 09:40:56:809 BST] 00000058 com.ibm.ws.webcontainer.servlet                              I SRVE0242I: [guide-security-intro.war] [/] [Faces Servlet]: Initialization successful.
[27/07/20 09:40:56:820 BST] 00000058 com.ibm.ws.webcontainer.security.ServletStartedListener      I CWWKS9123I:  For URL /admin.jsf in application guide-security-intro.war, the following HTTP methods are uncovered, and not accessible: POST PUT DELETE HEAD OPTIONS TRACE 
[27/07/20 09:40:56:820 BST] 00000058 com.ibm.ws.webcontainer.security.ServletStartedListener      I CWWKS9123I:  For URL /user.jsf in application guide-security-intro.war, the following HTTP methods are uncovered, and not accessible: POST PUT DELETE HEAD OPTIONS TRACE 
[27/07/20 09:41:07:549 BST] 00000049 com.ibm.ws.webcontainer.servlet                              I SRVE0242I: [guide-security-intro.war] [/] [io.openliberty.guides.ui.HomeServlet]: Initialization successful.
[27/07/20 09:41:07:556 BST] 00000049 SystemOut                                                    O to /app
[27/07/20 09:41:12:447 BST] 00000051 com.ibm.ws.security.jaspi.JaspiServiceImpl                   I CWWKS1652A: Authentication failed with status AuthStatus.SEND_CONTINUE for the web request /home. The user defined Java Authentication SPI for Containers (JASPIC) service null has determined that the authentication data is not valid.
[27/07/20 09:41:16:379 BST] 00000036 com.ibm.ws.security.javaeesec.cdi.beans.Utils                I CWWKS1930I: The configured IdentityStore object was not found. If a user registry is configured, it will be used instead. If the IdentityStore object must be used, make sure that the IdentityStore object is configured properly.
[27/07/20 09:41:16:384 BST] 00000036 com.ibm.ws.security.jaspi.JaspiServiceImpl                   I CWWKS1652A: Authentication failed with status AuthStatus.SEND_FAILUR for the web request /j_security_check. The user defined Java Authentication SPI for Containers (JASPIC) service null has determined that the authentication data is not valid.
[27/07/20 09:41:18:357 BST] 0000005b com.ibm.ws.security.jaspi.JaspiServiceImpl                   I CWWKS1652A: Authentication failed with status AuthStatus.SEND_CONTINUE for the web request /home. The user defined Java Authentication SPI for Containers (JASPIC) service null has determined that the authentication data is not valid.
[27/07/20 09:41:21:780 BST] 00000036 com.ibm.ws.security.jaspi.JaspiServiceImpl                   I CWWKS1652A: Authentication failed with status AuthStatus.SEND_FAILUR for the web request /j_security_check. The user defined Java Authentication SPI for Containers (JASPIC) service null has determined that the authentication data is not valid.
[27/07/20 09:41:26:968 BST] 00000033 com.ibm.ws.security.jaspi.JaspiServiceImpl                   I CWWKS1652A: Authentication failed with status AuthStatus.SEND_CONTINUE for the web request /home. The user defined Java Authentication SPI for Containers (JASPIC) service null has determined that the authentication data is not valid.
[27/07/20 09:41:32:521 BST] 00000047 .ibm.ws.webcontainer.security.WebAppSecurityCollaboratorImpl A CWWKS9104A: Authorization failed for user dave while invoking guide-security-intro.war on /home. The user is not granted access to any of the required roles: [user, admin].
[27/07/20 09:41:42:030 BST] 00000046 com.ibm.ws.security.jaspi.JaspiServiceImpl                   I CWWKS1652A: Authentication failed with status AuthStatus.SEND_CONTINUE for the web request /home. The user defined Java Authentication SPI for Containers (JASPIC) service null has determined that the authentication data is not valid.
[27/07/20 09:41:47:449 BST] 00000031 SystemOut                                                    O to /app
[27/07/20 09:42:17:054 BST] 00000022 com.ibm.ws.kernel.launch.internal.FrameworkManager           A CWWKE0085I: The server defaultServer is stopping because the JVM is exiting.
[27/07/20 09:42:17:057 BST] 00000060 com.ibm.ws.runtime.update.internal.RuntimeUpdateManagerImpl  A CWWKE1100I: Waiting for up to 30 seconds for the server to quiesce.
[27/07/20 09:42:17:060 BST] 00000036 com.ibm.ws.tcpchannel.internal.TCPChannel                    I CWWKO0220I: TCP Channel defaultHttpEndpoint has stopped listening for requests on host localhost  (IPv4: 127.0.0.1) port 9080.
[27/07/20 09:42:17:061 BST] 00000033 com.ibm.ws.tcpchannel.internal.TCPChannel                    I CWWKO0220I: TCP Channel defaultHttpEndpoint-ssl has stopped listening for requests on host localhost  (IPv4: 127.0.0.1) port 9443.
[27/07/20 09:42:17:061 BST] 00000033 com.ibm.ws.http.internal.VirtualHostImpl                     A CWWKT0017I: Web application removed (default_host): https://localhost:9443/
[27/07/20 09:42:17:420 BST] 00000023 com.ibm.ws.kernel.launch.internal.ServerCommandListener      A CWWKE0055I: Server shutdown requested on Monday, 27 July 2020 at 09:42. The server defaultServer is shutting down.
[27/07/20 09:42:18:064 BST] 00000060 com.ibm.ws.runtime.update.internal.RuntimeUpdateManagerImpl  I CWWKE1101I: Server quiesce complete.
[27/07/20 09:42:18:112 BST] 0000003a com.ibm.ws.app.manager.AppMessageHelper                      A CWWKZ0009I: The application guide-security-intro.war has stopped successfully.
[27/07/20 09:42:18:179 BST] 00000060 com.ibm.ws.security.ready.internal.SecurityReadyServiceImpl  I CWWKS0009I: The security service has stopped.
[27/07/20 09:42:18:192 BST] 00000060 ibm.ws.security.authentication.internal.jaas.JAASServiceImpl I CWWKS1124I: The collective authentication plugin with class name NullCollectiveAuthenticationPlugin has been deactivated. 
[27/07/20 09:42:18:483 BST] 00000001 com.ibm.ws.kernel.launch.internal.FrameworkManager           A CWWKE0036I: The server defaultServer stopped after 1 minutes, 26.973 seconds.
